<?xml version="1.0" encoding="UTF-8"?>
<testsuites name="NJS_Chandu" time="295.411" tests="3" failures="0" errors="0">
   <testsuite name="NJS_Chandu" tests="3" failures="0" errors="0" time="295.411" timestamp="2019-12-18 14:17:21" hostname="chandu.t - wlpt518.imidomain.com" id="Test Suites/NJS_Chandu">
      <properties>
[...]
</properties>
      <testcase name="Test Cases/deleteandupload3" time="108.303" classname="Test Cases/deleteandupload3" status="PASSED">
         <system-out><![CDATA[2019-12-18 14:17:22 - [TEST_CASE][PASSED] - Test Cases/deleteandupload3: Test Cases/deleteandupload3

2019-12-18 14:17:23 - [TEST_STEP][PASSED] - openBrowser(findTestData("LoginDetailsNJS").getValue(1, 3)): Browser is opened with url: 'https://www.naukri.com/'

2019-12-18 14:17:27 - [MESSAGE][INFO] - Starting 'Chrome' driver

2019-12-18 14:17:27 - [MESSAGE][INFO] - User set preference: ['args', '[--incognito]']

2019-12-18 14:17:27 - [MESSAGE][INFO] - Action delay is set to 0 seconds

2019-12-18 14:17:58 - [MESSAGE][PASSED] - Browser is opened with url: 'https://www.naukri.com/'

2019-12-18 14:17:58 - [TEST_STEP][PASSED] - closeWindowIndex(1): Window with index 1 is closed

2019-12-18 14:17:59 - [MESSAGE][PASSED] - Window with index 1 is closed

2019-12-18 14:17:59 - [TEST_STEP][PASSED] - closeWindowIndex(1): Window with index 1 is closed

2019-12-18 14:18:00 - [MESSAGE][PASSED] - Window with index 1 is closed

2019-12-18 14:18:00 - [TEST_STEP][PASSED] - switchToWindowIndex(0): Switched to window with index: '0'

2019-12-18 14:18:00 - [MESSAGE][PASSED] - Switched to window with index: '0'

2019-12-18 14:18:00 - [TEST_STEP][PASSED] - maximizeWindow(): Current window maximized

2019-12-18 14:18:01 - [MESSAGE][PASSED] - Current window maximized

2019-12-18 14:18:01 - [TEST_STEP][PASSED] - click(findTestObject("LoginButton")): Object: 'Object Repository/LoginButton' is clicked on

2019-12-18 14:18:02 - [MESSAGE][PASSED] - Object: 'Object Repository/LoginButton' is clicked on

2019-12-18 14:18:02 - [TEST_STEP][PASSED] - click(findTestObject("GoogleButton")): Object: 'Object Repository/GoogleButton' is clicked on

2019-12-18 14:18:03 - [MESSAGE][PASSED] - Object: 'Object Repository/GoogleButton' is clicked on

2019-12-18 14:18:03 - [TEST_STEP][PASSED] - switchToWindowIndex(1): Switched to window with index: '1'

2019-12-18 14:18:04 - [MESSAGE][PASSED] - Switched to window with index: '1'

2019-12-18 14:18:04 - [TEST_STEP][PASSED] - setText(findTestObject("UserName"), findTestData("LoginDetailsNJS").getValue(2, 3)): Text 'chandut1024@gmail.com' is set on object 'Object Repository/UserName'

2019-12-18 14:18:08 - [MESSAGE][PASSED] - Text 'chandut1024@gmail.com' is set on object 'Object Repository/UserName'

2019-12-18 14:18:08 - [TEST_STEP][PASSED] - click(findTestObject("NextButton")): Object: 'Object Repository/NextButton' is clicked on

2019-12-18 14:18:09 - [MESSAGE][PASSED] - Object: 'Object Repository/NextButton' is clicked on

2019-12-18 14:18:09 - [TEST_STEP][PASSED] - delay(5): Delayed 5 second(s)

2019-12-18 14:18:14 - [MESSAGE][PASSED] - Delayed 5 second(s)

2019-12-18 14:18:14 - [TEST_STEP][PASSED] - setText(findTestObject("Password"), findTestData("LoginDetailsNJS").getValue(3, 3)): Text 'achala$123' is set on object 'Object Repository/Password'

2019-12-18 14:18:14 - [MESSAGE][PASSED] - Text 'achala$123' is set on object 'Object Repository/Password'

2019-12-18 14:18:14 - [TEST_STEP][PASSED] - click(findTestObject("NextButton")): Object: 'Object Repository/NextButton' is clicked on

2019-12-18 14:18:15 - [MESSAGE][PASSED] - Object: 'Object Repository/NextButton' is clicked on

2019-12-18 14:18:15 - [TEST_STEP][PASSED] - switchToWindowIndex(0): Switched to window with index: '0'

2019-12-18 14:18:15 - [MESSAGE][PASSED] - Switched to window with index: '0'

2019-12-18 14:18:15 - [TEST_STEP][PASSED] - delay(10): Delayed 10 second(s)

2019-12-18 14:18:25 - [MESSAGE][PASSED] - Delayed 10 second(s)

2019-12-18 14:18:25 - [TEST_STEP][PASSED] - click(findTestObject("ProfileName")): Object: 'Object Repository/ProfileName' is clicked on

2019-12-18 14:18:26 - [MESSAGE][PASSED] - Object: 'Object Repository/ProfileName' is clicked on

2019-12-18 14:18:26 - [TEST_STEP][PASSED] - click(findTestObject("DeleteResumeButton")): Object: 'Object Repository/DeleteResumeButton' is clicked on

2019-12-18 14:18:28 - [MESSAGE][PASSED] - Object: 'Object Repository/DeleteResumeButton' is clicked on

2019-12-18 14:18:28 - [TEST_STEP][PASSED] - click(findTestObject("DeleteResumeConfirm")): Object: 'Object Repository/DeleteResumeConfirm' is clicked on

2019-12-18 14:18:29 - [MESSAGE][PASSED] - Object: 'Object Repository/DeleteResumeConfirm' is clicked on

2019-12-18 14:18:29 - [TEST_STEP][PASSED] - delay(15): Delayed 15 second(s)

2019-12-18 14:18:44 - [MESSAGE][PASSED] - Delayed 15 second(s)

2019-12-18 14:18:44 - [TEST_STEP][PASSED] - takeScreenshot(): Taking screenshot successfully

2019-12-18 14:18:44 - [MESSAGE][PASSED] - Taking screenshot successfully
[[ATTACHMENT|C:\\Users\\chandu.t\\Katalon Studio\\NJS_Chandu\\Reports\\20191218_141712\\NJS_Chandu\\20191218_141712\\1576658924197.png]]

2019-12-18 14:18:44 - [TEST_STEP][PASSED] - uploadFile(findTestObject("UploadResumeButton"), findTestData("LoginDetailsNJS").getValue(5, 3)): File 'D:\chanduR\Resume33.docx' sent to object: 'Object Repository/UploadResumeButton'

2019-12-18 14:18:45 - [MESSAGE][PASSED] - File 'D:\chanduR\Resume33.docx' sent to object: 'Object Repository/UploadResumeButton'

2019-12-18 14:18:45 - [TEST_STEP][PASSED] - delay(10): Delayed 10 second(s)

2019-12-18 14:18:55 - [MESSAGE][PASSED] - Delayed 10 second(s)

2019-12-18 14:18:55 - [TEST_STEP][NOT_RUN] - click(findTestObject("EditResumeHeadline")): NOT_RUN: click(findTestObject("EditResumeHeadline"))

2019-12-18 14:18:55 - [MESSAGE][NOT_RUN] - NOT_RUN: click(findTestObject("EditResumeHeadline"))

2019-12-18 14:18:55 - [TEST_STEP][NOT_RUN] - setText(findTestObject("ResumeHeadLineText"), "."): NOT_RUN: setText(findTestObject("ResumeHeadLineText"), ".")

2019-12-18 14:18:55 - [MESSAGE][NOT_RUN] - NOT_RUN: setText(findTestObject("ResumeHeadLineText"), ".")

2019-12-18 14:18:55 - [TEST_STEP][NOT_RUN] - click(findTestObject("SaveResumeHeadLineButton")): NOT_RUN: click(findTestObject("SaveResumeHeadLineButton"))

2019-12-18 14:18:55 - [MESSAGE][NOT_RUN] - NOT_RUN: click(findTestObject("SaveResumeHeadLineButton"))

2019-12-18 14:18:55 - [TEST_STEP][PASSED] - takeScreenshot(): Taking screenshot successfully

2019-12-18 14:18:56 - [MESSAGE][PASSED] - Taking screenshot successfully
[[ATTACHMENT|C:\\Users\\chandu.t\\Katalon Studio\\NJS_Chandu\\Reports\\20191218_141712\\NJS_Chandu\\20191218_141712\\1576658935588.png]]

2019-12-18 14:18:56 - [TEST_STEP][PASSED] - refresh(): Refresh successfully

2019-12-18 14:18:58 - [MESSAGE][PASSED] - Refresh successfully

2019-12-18 14:18:58 - [TEST_STEP][PASSED] - delay(10): Delayed 10 second(s)

2019-12-18 14:19:08 - [MESSAGE][PASSED] - Delayed 10 second(s)

2019-12-18 14:19:08 - [TEST_STEP][PASSED] - takeScreenshot(): Taking screenshot successfully

2019-12-18 14:19:09 - [MESSAGE][PASSED] - Taking screenshot successfully
[[ATTACHMENT|C:\\Users\\chandu.t\\Katalon Studio\\NJS_Chandu\\Reports\\20191218_141712\\NJS_Chandu\\20191218_141712\\1576658948894.png]]

2019-12-18 14:19:09 - [TEST_STEP][PASSED] - closeBrowser(): Browser is closed

2019-12-18 14:19:10 - [MESSAGE][PASSED] - Browser is closed]]></system-out>
         <system-err><![CDATA[]]></system-err>
      </testcase>
      <testcase name="Test Cases/deleteandupload2" time="92.075" classname="Test Cases/deleteandupload2" status="PASSED">
         <system-out><![CDATA[2019-12-18 14:19:10 - [TEST_CASE][PASSED] - Test Cases/deleteandupload2: Test Cases/deleteandupload2

2019-12-18 14:19:11 - [TEST_STEP][PASSED] - openBrowser(findTestData("LoginDetailsNJS").getValue(1, 2)): Browser is opened with url: 'https://www.naukri.com/'

2019-12-18 14:19:11 - [MESSAGE][INFO] - Starting 'Chrome' driver

2019-12-18 14:19:11 - [MESSAGE][INFO] - User set preference: ['args', '[--incognito]']

2019-12-18 14:19:35 - [MESSAGE][PASSED] - Browser is opened with url: 'https://www.naukri.com/'

2019-12-18 14:19:35 - [TEST_STEP][PASSED] - closeWindowIndex(1): Window with index 1 is closed

2019-12-18 14:19:36 - [MESSAGE][PASSED] - Window with index 1 is closed

2019-12-18 14:19:36 - [TEST_STEP][PASSED] - closeWindowIndex(1): Window with index 1 is closed

2019-12-18 14:19:38 - [MESSAGE][PASSED] - Window with index 1 is closed

2019-12-18 14:19:38 - [TEST_STEP][PASSED] - switchToWindowIndex(0): Switched to window with index: '0'

2019-12-18 14:19:38 - [MESSAGE][PASSED] - Switched to window with index: '0'

2019-12-18 14:19:38 - [TEST_STEP][PASSED] - maximizeWindow(): Current window maximized

2019-12-18 14:19:39 - [MESSAGE][PASSED] - Current window maximized

2019-12-18 14:19:39 - [TEST_STEP][PASSED] - click(findTestObject("LoginButton")): Object: 'Object Repository/LoginButton' is clicked on

2019-12-18 14:19:39 - [MESSAGE][PASSED] - Object: 'Object Repository/LoginButton' is clicked on

2019-12-18 14:19:39 - [TEST_STEP][PASSED] - click(findTestObject("GoogleButton")): Object: 'Object Repository/GoogleButton' is clicked on

2019-12-18 14:19:40 - [MESSAGE][PASSED] - Object: 'Object Repository/GoogleButton' is clicked on

2019-12-18 14:19:40 - [TEST_STEP][PASSED] - switchToWindowIndex(1): Switched to window with index: '1'

2019-12-18 14:19:42 - [MESSAGE][PASSED] - Switched to window with index: '1'

2019-12-18 14:19:42 - [TEST_STEP][PASSED] - setText(findTestObject("UserName"), findTestData("LoginDetailsNJS").getValue(2, 2)): Text 'chanduthota371@gmail.com' is set on object 'Object Repository/UserName'

2019-12-18 14:19:44 - [MESSAGE][PASSED] - Text 'chanduthota371@gmail.com' is set on object 'Object Repository/UserName'

2019-12-18 14:19:44 - [TEST_STEP][PASSED] - click(findTestObject("NextButton")): Object: 'Object Repository/NextButton' is clicked on

2019-12-18 14:19:45 - [MESSAGE][PASSED] - Object: 'Object Repository/NextButton' is clicked on

2019-12-18 14:19:45 - [TEST_STEP][PASSED] - delay(5): Delayed 5 second(s)

2019-12-18 14:19:50 - [MESSAGE][PASSED] - Delayed 5 second(s)

2019-12-18 14:19:50 - [TEST_STEP][PASSED] - setText(findTestObject("Password"), findTestData("LoginDetailsNJS").getValue(3, 2)): Text 'achala$123' is set on object 'Object Repository/Password'

2019-12-18 14:19:51 - [MESSAGE][PASSED] - Text 'achala$123' is set on object 'Object Repository/Password'

2019-12-18 14:19:51 - [TEST_STEP][PASSED] - click(findTestObject("NextButton")): Object: 'Object Repository/NextButton' is clicked on

2019-12-18 14:19:52 - [MESSAGE][PASSED] - Object: 'Object Repository/NextButton' is clicked on

2019-12-18 14:19:52 - [TEST_STEP][PASSED] - switchToWindowIndex(0): Switched to window with index: '0'

2019-12-18 14:19:52 - [MESSAGE][PASSED] - Switched to window with index: '0'

2019-12-18 14:19:52 - [TEST_STEP][PASSED] - delay(10): Delayed 10 second(s)

2019-12-18 14:20:02 - [MESSAGE][PASSED] - Delayed 10 second(s)

2019-12-18 14:20:02 - [TEST_STEP][PASSED] - click(findTestObject("ProfileName")): Object: 'Object Repository/ProfileName' is clicked on

2019-12-18 14:20:03 - [MESSAGE][PASSED] - Object: 'Object Repository/ProfileName' is clicked on

2019-12-18 14:20:03 - [TEST_STEP][PASSED] - click(findTestObject("DeleteResumeButton")): Object: 'Object Repository/DeleteResumeButton' is clicked on

2019-12-18 14:20:04 - [MESSAGE][PASSED] - Object: 'Object Repository/DeleteResumeButton' is clicked on

2019-12-18 14:20:04 - [TEST_STEP][PASSED] - click(findTestObject("DeleteResumeConfirm")): Object: 'Object Repository/DeleteResumeConfirm' is clicked on

2019-12-18 14:20:04 - [MESSAGE][PASSED] - Object: 'Object Repository/DeleteResumeConfirm' is clicked on

2019-12-18 14:20:04 - [TEST_STEP][PASSED] - delay(15): Delayed 15 second(s)

2019-12-18 14:20:19 - [MESSAGE][PASSED] - Delayed 15 second(s)

2019-12-18 14:20:19 - [TEST_STEP][PASSED] - takeScreenshot(): Taking screenshot successfully

2019-12-18 14:20:20 - [MESSAGE][PASSED] - Taking screenshot successfully
[[ATTACHMENT|C:\\Users\\chandu.t\\Katalon Studio\\NJS_Chandu\\Reports\\20191218_141712\\NJS_Chandu\\20191218_141712\\1576659019743.png]]

2019-12-18 14:20:20 - [TEST_STEP][PASSED] - uploadFile(findTestObject("UploadResumeButton"), findTestData("LoginDetailsNJS").getValue(5, 2)): File 'D:\chanduR\Resume22.docx' sent to object: 'Object Repository/UploadResumeButton'

2019-12-18 14:20:20 - [MESSAGE][PASSED] - File 'D:\chanduR\Resume22.docx' sent to object: 'Object Repository/UploadResumeButton'

2019-12-18 14:20:20 - [TEST_STEP][PASSED] - delay(10): Delayed 10 second(s)

2019-12-18 14:20:30 - [MESSAGE][PASSED] - Delayed 10 second(s)

2019-12-18 14:20:30 - [TEST_STEP][NOT_RUN] - click(findTestObject("EditResumeHeadline")): NOT_RUN: click(findTestObject("EditResumeHeadline"))

2019-12-18 14:20:30 - [MESSAGE][NOT_RUN] - NOT_RUN: click(findTestObject("EditResumeHeadline"))

2019-12-18 14:20:30 - [TEST_STEP][NOT_RUN] - setText(findTestObject("ResumeHeadLineText"), "."): NOT_RUN: setText(findTestObject("ResumeHeadLineText"), ".")

2019-12-18 14:20:30 - [MESSAGE][NOT_RUN] - NOT_RUN: setText(findTestObject("ResumeHeadLineText"), ".")

2019-12-18 14:20:30 - [TEST_STEP][NOT_RUN] - click(findTestObject("SaveResumeHeadLineButton")): NOT_RUN: click(findTestObject("SaveResumeHeadLineButton"))

2019-12-18 14:20:30 - [MESSAGE][NOT_RUN] - NOT_RUN: click(findTestObject("SaveResumeHeadLineButton"))

2019-12-18 14:20:30 - [TEST_STEP][PASSED] - takeScreenshot(): Taking screenshot successfully

2019-12-18 14:20:31 - [MESSAGE][PASSED] - Taking screenshot successfully
[[ATTACHMENT|C:\\Users\\chandu.t\\Katalon Studio\\NJS_Chandu\\Reports\\20191218_141712\\NJS_Chandu\\20191218_141712\\1576659030656.png]]

2019-12-18 14:20:31 - [TEST_STEP][PASSED] - refresh(): Refresh successfully

2019-12-18 14:20:31 - [MESSAGE][PASSED] - Refresh successfully

2019-12-18 14:20:31 - [TEST_STEP][PASSED] - delay(10): Delayed 10 second(s)

2019-12-18 14:20:41 - [MESSAGE][PASSED] - Delayed 10 second(s)

2019-12-18 14:20:41 - [TEST_STEP][PASSED] - takeScreenshot(): Taking screenshot successfully

2019-12-18 14:20:41 - [MESSAGE][PASSED] - Taking screenshot successfully
[[ATTACHMENT|C:\\Users\\chandu.t\\Katalon Studio\\NJS_Chandu\\Reports\\20191218_141712\\NJS_Chandu\\20191218_141712\\1576659041167.png]]

2019-12-18 14:20:41 - [TEST_STEP][PASSED] - closeBrowser(): Browser is closed

2019-12-18 14:20:42 - [MESSAGE][PASSED] - Browser is closed]]></system-out>
         <system-err><![CDATA[]]></system-err>
      </testcase>
      <testcase name="Test Cases/deleteandupload1" time="93.845" classname="Test Cases/deleteandupload1" status="PASSED">
         <system-out><![CDATA[2019-12-18 14:20:42 - [TEST_CASE][PASSED] - Test Cases/deleteandupload1: Test Cases/deleteandupload1

2019-12-18 14:20:43 - [TEST_STEP][PASSED] - openBrowser(findTestData("LoginDetailsNJS").getValue(1, 1)): Browser is opened with url: 'https://www.naukri.com/'

2019-12-18 14:20:43 - [MESSAGE][INFO] - Starting 'Chrome' driver

2019-12-18 14:20:43 - [MESSAGE][INFO] - User set preference: ['args', '[--incognito]']

2019-12-18 14:21:07 - [MESSAGE][PASSED] - Browser is opened with url: 'https://www.naukri.com/'

2019-12-18 14:21:07 - [TEST_STEP][PASSED] - closeWindowIndex(1): Window with index 1 is closed

2019-12-18 14:21:09 - [MESSAGE][PASSED] - Window with index 1 is closed

2019-12-18 14:21:09 - [TEST_STEP][PASSED] - closeWindowIndex(1): Window with index 1 is closed

2019-12-18 14:21:10 - [MESSAGE][PASSED] - Window with index 1 is closed

2019-12-18 14:21:10 - [TEST_STEP][PASSED] - switchToWindowIndex(0): Switched to window with index: '0'

2019-12-18 14:21:10 - [MESSAGE][PASSED] - Switched to window with index: '0'

2019-12-18 14:21:10 - [TEST_STEP][PASSED] - maximizeWindow(): Current window maximized

2019-12-18 14:21:11 - [MESSAGE][PASSED] - Current window maximized

2019-12-18 14:21:11 - [TEST_STEP][PASSED] - click(findTestObject("LoginButton")): Object: 'Object Repository/LoginButton' is clicked on

2019-12-18 14:21:11 - [MESSAGE][PASSED] - Object: 'Object Repository/LoginButton' is clicked on

2019-12-18 14:21:11 - [TEST_STEP][PASSED] - click(findTestObject("GoogleButton")): Object: 'Object Repository/GoogleButton' is clicked on

2019-12-18 14:21:12 - [MESSAGE][PASSED] - Object: 'Object Repository/GoogleButton' is clicked on

2019-12-18 14:21:12 - [TEST_STEP][PASSED] - switchToWindowIndex(1): Switched to window with index: '1'

2019-12-18 14:21:15 - [MESSAGE][PASSED] - Switched to window with index: '1'

2019-12-18 14:21:15 - [TEST_STEP][PASSED] - setText(findTestObject("UserName"), findTestData("LoginDetailsNJS").getValue(2, 1)): Text 'thota.chandu1@gmail.com' is set on object 'Object Repository/UserName'

2019-12-18 14:21:16 - [MESSAGE][PASSED] - Text 'thota.chandu1@gmail.com' is set on object 'Object Repository/UserName'

2019-12-18 14:21:16 - [TEST_STEP][PASSED] - click(findTestObject("NextButton")): Object: 'Object Repository/NextButton' is clicked on

2019-12-18 14:21:18 - [MESSAGE][PASSED] - Object: 'Object Repository/NextButton' is clicked on

2019-12-18 14:21:18 - [TEST_STEP][PASSED] - delay(5): Delayed 5 second(s)

2019-12-18 14:21:23 - [MESSAGE][PASSED] - Delayed 5 second(s)

2019-12-18 14:21:23 - [TEST_STEP][PASSED] - setText(findTestObject("Password"), findTestData("LoginDetailsNJS").getValue(3, 1)): Text 'achala$123' is set on object 'Object Repository/Password'

2019-12-18 14:21:23 - [MESSAGE][PASSED] - Text 'achala$123' is set on object 'Object Repository/Password'

2019-12-18 14:21:23 - [TEST_STEP][PASSED] - click(findTestObject("NextButton")): Object: 'Object Repository/NextButton' is clicked on

2019-12-18 14:21:24 - [MESSAGE][PASSED] - Object: 'Object Repository/NextButton' is clicked on

2019-12-18 14:21:24 - [TEST_STEP][PASSED] - switchToWindowIndex(0): Switched to window with index: '0'

2019-12-18 14:21:24 - [MESSAGE][PASSED] - Switched to window with index: '0'

2019-12-18 14:21:24 - [TEST_STEP][PASSED] - delay(10): Delayed 10 second(s)

2019-12-18 14:21:34 - [MESSAGE][PASSED] - Delayed 10 second(s)

2019-12-18 14:21:34 - [TEST_STEP][PASSED] - click(findTestObject("ProfileName")): Object: 'Object Repository/ProfileName' is clicked on

2019-12-18 14:21:34 - [MESSAGE][PASSED] - Object: 'Object Repository/ProfileName' is clicked on

2019-12-18 14:21:34 - [TEST_STEP][PASSED] - click(findTestObject("DeleteResumeButton")): Object: 'Object Repository/DeleteResumeButton' is clicked on

2019-12-18 14:21:36 - [MESSAGE][PASSED] - Object: 'Object Repository/DeleteResumeButton' is clicked on

2019-12-18 14:21:36 - [TEST_STEP][PASSED] - click(findTestObject("DeleteResumeConfirm")): Object: 'Object Repository/DeleteResumeConfirm' is clicked on

2019-12-18 14:21:36 - [MESSAGE][PASSED] - Object: 'Object Repository/DeleteResumeConfirm' is clicked on

2019-12-18 14:21:36 - [TEST_STEP][PASSED] - delay(15): Delayed 15 second(s)

2019-12-18 14:21:51 - [MESSAGE][PASSED] - Delayed 15 second(s)

2019-12-18 14:21:51 - [TEST_STEP][PASSED] - takeScreenshot(): Taking screenshot successfully

2019-12-18 14:21:52 - [MESSAGE][PASSED] - Taking screenshot successfully
[[ATTACHMENT|C:\\Users\\chandu.t\\Katalon Studio\\NJS_Chandu\\Reports\\20191218_141712\\NJS_Chandu\\20191218_141712\\1576659111605.png]]

2019-12-18 14:21:52 - [TEST_STEP][PASSED] - uploadFile(findTestObject("UploadResumeButton"), findTestData("LoginDetailsNJS").getValue(5, 1)): File 'D:\chanduR\Resume11.docx' sent to object: 'Object Repository/UploadResumeButton'

2019-12-18 14:21:52 - [MESSAGE][PASSED] - File 'D:\chanduR\Resume11.docx' sent to object: 'Object Repository/UploadResumeButton'

2019-12-18 14:21:52 - [TEST_STEP][PASSED] - delay(10): Delayed 10 second(s)

2019-12-18 14:22:02 - [MESSAGE][PASSED] - Delayed 10 second(s)

2019-12-18 14:22:02 - [TEST_STEP][NOT_RUN] - click(findTestObject("EditResumeHeadline")): NOT_RUN: click(findTestObject("EditResumeHeadline"))

2019-12-18 14:22:02 - [MESSAGE][NOT_RUN] - NOT_RUN: click(findTestObject("EditResumeHeadline"))

2019-12-18 14:22:02 - [TEST_STEP][NOT_RUN] - setText(findTestObject("ResumeHeadLineText"), "."): NOT_RUN: setText(findTestObject("ResumeHeadLineText"), ".")

2019-12-18 14:22:02 - [MESSAGE][NOT_RUN] - NOT_RUN: setText(findTestObject("ResumeHeadLineText"), ".")

2019-12-18 14:22:02 - [TEST_STEP][NOT_RUN] - click(findTestObject("SaveResumeHeadLineButton")): NOT_RUN: click(findTestObject("SaveResumeHeadLineButton"))

2019-12-18 14:22:02 - [MESSAGE][NOT_RUN] - NOT_RUN: click(findTestObject("SaveResumeHeadLineButton"))

2019-12-18 14:22:02 - [TEST_STEP][PASSED] - takeScreenshot(): Taking screenshot successfully

2019-12-18 14:22:02 - [MESSAGE][PASSED] - Taking screenshot successfully
[[ATTACHMENT|C:\\Users\\chandu.t\\Katalon Studio\\NJS_Chandu\\Reports\\20191218_141712\\NJS_Chandu\\20191218_141712\\1576659122530.png]]

2019-12-18 14:22:02 - [TEST_STEP][PASSED] - refresh(): Refresh successfully

2019-12-18 14:22:04 - [MESSAGE][PASSED] - Refresh successfully

2019-12-18 14:22:04 - [TEST_STEP][PASSED] - delay(10): Delayed 10 second(s)

2019-12-18 14:22:14 - [MESSAGE][PASSED] - Delayed 10 second(s)

2019-12-18 14:22:14 - [TEST_STEP][PASSED] - takeScreenshot(): Taking screenshot successfully

2019-12-18 14:22:15 - [MESSAGE][PASSED] - Taking screenshot successfully
[[ATTACHMENT|C:\\Users\\chandu.t\\Katalon Studio\\NJS_Chandu\\Reports\\20191218_141712\\NJS_Chandu\\20191218_141712\\1576659135003.png]]

2019-12-18 14:22:15 - [TEST_STEP][PASSED] - closeBrowser(): Browser is closed

2019-12-18 14:22:16 - [MESSAGE][PASSED] - Browser is closed]]></system-out>
         <system-err><![CDATA[]]></system-err>
      </testcase>
      <system-out><![CDATA[2019-12-18 14:17:21 - [TEST_SUITE][PASSED] - NJS_Chandu: Test Cases/deleteandupload1]]></system-out>
      <system-err><![CDATA[]]></system-err>
   </testsuite>
</testsuites>
