<?xml version="1.0" encoding="UTF-8"?>
<testsuites name="NJS_Chandu" time="307.836" tests="3" failures="0" errors="0">
   <testsuite name="NJS_Chandu" tests="3" failures="0" errors="0" time="307.836" timestamp="2020-01-08 18:17:21" hostname="chandu.t - wlpt518.imidomain.com" id="Test Suites/NJS_Chandu">
      <properties>
[...]
</properties>
      <testcase name="Test Cases/deleteandupload3" time="103.693" classname="Test Cases/deleteandupload3" status="PASSED">
         <system-out><![CDATA[2020-01-08 18:17:22 - [TEST_CASE][PASSED] - Test Cases/deleteandupload3: Test Cases/deleteandupload3

2020-01-08 18:17:24 - [TEST_STEP][PASSED] - openBrowser(findTestData("LoginDetailsNJS").getValue(1, 3)): Browser is opened with url: 'https://www.naukri.com/'

2020-01-08 18:17:26 - [MESSAGE][INFO] - Starting 'Firefox' driver

2020-01-08 18:17:27 - [MESSAGE][INFO] - Action delay is set to 0 seconds

2020-01-08 18:17:41 - [MESSAGE][PASSED] - Browser is opened with url: 'https://www.naukri.com/'

2020-01-08 18:17:41 - [TEST_STEP][PASSED] - closeWindowIndex(1): Window with index 1 is closed

2020-01-08 18:17:42 - [MESSAGE][PASSED] - Window with index 1 is closed

2020-01-08 18:17:42 - [TEST_STEP][PASSED] - closeWindowIndex(1): Window with index 1 is closed

2020-01-08 18:17:42 - [MESSAGE][PASSED] - Window with index 1 is closed

2020-01-08 18:17:42 - [TEST_STEP][PASSED] - closeWindowIndex(1): Window with index 1 is closed

2020-01-08 18:17:42 - [MESSAGE][PASSED] - Window with index 1 is closed

2020-01-08 18:17:42 - [TEST_STEP][PASSED] - switchToWindowIndex(0): Switched to window with index: '0'

2020-01-08 18:17:42 - [MESSAGE][PASSED] - Switched to window with index: '0'

2020-01-08 18:17:42 - [TEST_STEP][PASSED] - maximizeWindow(): Current window maximized

2020-01-08 18:17:42 - [MESSAGE][PASSED] - Current window maximized

2020-01-08 18:17:42 - [TEST_STEP][PASSED] - click(findTestObject("LoginButton")): Object: 'Object Repository/LoginButton' is clicked on

2020-01-08 18:17:44 - [MESSAGE][PASSED] - Object: 'Object Repository/LoginButton' is clicked on

2020-01-08 18:17:44 - [TEST_STEP][PASSED] - click(findTestObject("GoogleButton")): Object: 'Object Repository/GoogleButton' is clicked on

2020-01-08 18:17:45 - [MESSAGE][PASSED] - Object: 'Object Repository/GoogleButton' is clicked on

2020-01-08 18:17:45 - [TEST_STEP][PASSED] - switchToWindowIndex(1): Switched to window with index: '1'

2020-01-08 18:17:45 - [MESSAGE][PASSED] - Switched to window with index: '1'

2020-01-08 18:17:45 - [TEST_STEP][PASSED] - setText(findTestObject("UserName"), findTestData("LoginDetailsNJS").getValue(2, 3)): Text 'chandut1024@gmail.com' is set on object 'Object Repository/UserName'

2020-01-08 18:17:49 - [MESSAGE][PASSED] - Text 'chandut1024@gmail.com' is set on object 'Object Repository/UserName'

2020-01-08 18:17:49 - [TEST_STEP][PASSED] - click(findTestObject("NextButton")): Object: 'Object Repository/NextButton' is clicked on

2020-01-08 18:17:49 - [MESSAGE][PASSED] - Object: 'Object Repository/NextButton' is clicked on

2020-01-08 18:17:49 - [TEST_STEP][PASSED] - delay(5): Delayed 5 second(s)

2020-01-08 18:17:55 - [MESSAGE][PASSED] - Delayed 5 second(s)

2020-01-08 18:17:55 - [TEST_STEP][PASSED] - setText(findTestObject("Password"), findTestData("LoginDetailsNJS").getValue(3, 3)): Text 'achala$123' is set on object 'Object Repository/Password'

2020-01-08 18:17:55 - [MESSAGE][PASSED] - Text 'achala$123' is set on object 'Object Repository/Password'

2020-01-08 18:17:55 - [TEST_STEP][PASSED] - click(findTestObject("NextButton")): Object: 'Object Repository/NextButton' is clicked on

2020-01-08 18:18:00 - [MESSAGE][PASSED] - Object: 'Object Repository/NextButton' is clicked on

2020-01-08 18:18:00 - [TEST_STEP][PASSED] - switchToWindowIndex(0): Switched to window with index: '0'

2020-01-08 18:18:00 - [MESSAGE][PASSED] - Switched to window with index: '0'

2020-01-08 18:18:00 - [TEST_STEP][PASSED] - delay(10): Delayed 10 second(s)

2020-01-08 18:18:10 - [MESSAGE][PASSED] - Delayed 10 second(s)

2020-01-08 18:18:10 - [TEST_STEP][PASSED] - click(findTestObject("ProfileName")): Object: 'Object Repository/ProfileName' is clicked on

2020-01-08 18:18:11 - [MESSAGE][PASSED] - Object: 'Object Repository/ProfileName' is clicked on

2020-01-08 18:18:11 - [TEST_STEP][PASSED] - click(findTestObject("DeleteResumeButton")): Object: 'Object Repository/DeleteResumeButton' is clicked on

2020-01-08 18:18:12 - [MESSAGE][PASSED] - Object: 'Object Repository/DeleteResumeButton' is clicked on

2020-01-08 18:18:12 - [TEST_STEP][PASSED] - click(findTestObject("DeleteResumeConfirm")): Object: 'Object Repository/DeleteResumeConfirm' is clicked on

2020-01-08 18:18:13 - [MESSAGE][PASSED] - Object: 'Object Repository/DeleteResumeConfirm' is clicked on

2020-01-08 18:18:13 - [TEST_STEP][PASSED] - delay(15): Delayed 15 second(s)

2020-01-08 18:18:28 - [MESSAGE][PASSED] - Delayed 15 second(s)

2020-01-08 18:18:28 - [TEST_STEP][PASSED] - takeScreenshot(): Taking screenshot successfully

2020-01-08 18:18:29 - [MESSAGE][PASSED] - Taking screenshot successfully
[[ATTACHMENT|C:\\Users\\chandu.t\\Katalon Studio\\NJS_Chandu\\Reports\\20200108_181717\\NJS_Chandu\\20200108_181717\\1578487708698.png]]

2020-01-08 18:18:29 - [TEST_STEP][PASSED] - uploadFile(findTestObject("UploadResumeButton"), findTestData("LoginDetailsNJS").getValue(5, 3)): File 'D:\chanduR\Resume33.docx' sent to object: 'Object Repository/UploadResumeButton'

2020-01-08 18:18:29 - [MESSAGE][PASSED] - File 'D:\chanduR\Resume33.docx' sent to object: 'Object Repository/UploadResumeButton'

2020-01-08 18:18:29 - [TEST_STEP][PASSED] - delay(10): Delayed 10 second(s)

2020-01-08 18:18:39 - [MESSAGE][PASSED] - Delayed 10 second(s)

2020-01-08 18:18:39 - [TEST_STEP][NOT_RUN] - click(findTestObject("EditResumeHeadline")): NOT_RUN: click(findTestObject("EditResumeHeadline"))

2020-01-08 18:18:39 - [MESSAGE][NOT_RUN] - NOT_RUN: click(findTestObject("EditResumeHeadline"))

2020-01-08 18:18:39 - [TEST_STEP][NOT_RUN] - setText(findTestObject("ResumeHeadLineText"), "."): NOT_RUN: setText(findTestObject("ResumeHeadLineText"), ".")

2020-01-08 18:18:39 - [MESSAGE][NOT_RUN] - NOT_RUN: setText(findTestObject("ResumeHeadLineText"), ".")

2020-01-08 18:18:39 - [TEST_STEP][NOT_RUN] - click(findTestObject("SaveResumeHeadLineButton")): NOT_RUN: click(findTestObject("SaveResumeHeadLineButton"))

2020-01-08 18:18:39 - [MESSAGE][NOT_RUN] - NOT_RUN: click(findTestObject("SaveResumeHeadLineButton"))

2020-01-08 18:18:39 - [TEST_STEP][PASSED] - takeScreenshot(): Taking screenshot successfully

2020-01-08 18:18:40 - [MESSAGE][PASSED] - Taking screenshot successfully
[[ATTACHMENT|C:\\Users\\chandu.t\\Katalon Studio\\NJS_Chandu\\Reports\\20200108_181717\\NJS_Chandu\\20200108_181717\\1578487720147.png]]

2020-01-08 18:18:40 - [TEST_STEP][PASSED] - refresh(): Refresh successfully

2020-01-08 18:18:50 - [MESSAGE][PASSED] - Refresh successfully

2020-01-08 18:18:50 - [TEST_STEP][PASSED] - delay(10): Delayed 10 second(s)

2020-01-08 18:19:00 - [MESSAGE][PASSED] - Delayed 10 second(s)

2020-01-08 18:19:00 - [TEST_STEP][PASSED] - takeScreenshot(): Taking screenshot successfully

2020-01-08 18:19:00 - [MESSAGE][PASSED] - Taking screenshot successfully
[[ATTACHMENT|C:\\Users\\chandu.t\\Katalon Studio\\NJS_Chandu\\Reports\\20200108_181717\\NJS_Chandu\\20200108_181717\\1578487740331.png]]

2020-01-08 18:19:00 - [TEST_STEP][PASSED] - closeBrowser(): Browser is closed

2020-01-08 18:19:06 - [MESSAGE][PASSED] - Browser is closed]]></system-out>
         <system-err><![CDATA[]]></system-err>
      </testcase>
      <testcase name="Test Cases/deleteandupload2" time="103.208" classname="Test Cases/deleteandupload2" status="PASSED">
         <system-out><![CDATA[2020-01-08 18:19:06 - [TEST_CASE][PASSED] - Test Cases/deleteandupload2: Test Cases/deleteandupload2

2020-01-08 18:19:06 - [TEST_STEP][PASSED] - openBrowser(findTestData("LoginDetailsNJS").getValue(1, 2)): Browser is opened with url: 'https://www.naukri.com/'

2020-01-08 18:19:06 - [MESSAGE][INFO] - Starting 'Firefox' driver

2020-01-08 18:19:21 - [MESSAGE][PASSED] - Browser is opened with url: 'https://www.naukri.com/'

2020-01-08 18:19:21 - [TEST_STEP][PASSED] - closeWindowIndex(1): Window with index 1 is closed

2020-01-08 18:19:22 - [MESSAGE][PASSED] - Window with index 1 is closed

2020-01-08 18:19:22 - [TEST_STEP][PASSED] - closeWindowIndex(1): Window with index 1 is closed

2020-01-08 18:19:22 - [MESSAGE][PASSED] - Window with index 1 is closed

2020-01-08 18:19:22 - [TEST_STEP][PASSED] - closeWindowIndex(1): Window with index 1 is closed

2020-01-08 18:19:22 - [MESSAGE][PASSED] - Window with index 1 is closed

2020-01-08 18:19:22 - [TEST_STEP][PASSED] - switchToWindowIndex(0): Switched to window with index: '0'

2020-01-08 18:19:22 - [MESSAGE][PASSED] - Switched to window with index: '0'

2020-01-08 18:19:22 - [TEST_STEP][PASSED] - maximizeWindow(): Current window maximized

2020-01-08 18:19:22 - [MESSAGE][PASSED] - Current window maximized

2020-01-08 18:19:22 - [TEST_STEP][PASSED] - click(findTestObject("LoginButton")): Object: 'Object Repository/LoginButton' is clicked on

2020-01-08 18:19:24 - [MESSAGE][PASSED] - Object: 'Object Repository/LoginButton' is clicked on

2020-01-08 18:19:24 - [TEST_STEP][PASSED] - click(findTestObject("GoogleButton")): Object: 'Object Repository/GoogleButton' is clicked on

2020-01-08 18:19:25 - [MESSAGE][PASSED] - Object: 'Object Repository/GoogleButton' is clicked on

2020-01-08 18:19:25 - [TEST_STEP][PASSED] - switchToWindowIndex(1): Switched to window with index: '1'

2020-01-08 18:19:25 - [MESSAGE][PASSED] - Switched to window with index: '1'

2020-01-08 18:19:25 - [TEST_STEP][PASSED] - setText(findTestObject("UserName"), findTestData("LoginDetailsNJS").getValue(2, 2)): Text 'chanduthota371@gmail.com' is set on object 'Object Repository/UserName'

2020-01-08 18:19:31 - [MESSAGE][PASSED] - Text 'chanduthota371@gmail.com' is set on object 'Object Repository/UserName'

2020-01-08 18:19:31 - [TEST_STEP][PASSED] - click(findTestObject("NextButton")): Object: 'Object Repository/NextButton' is clicked on

2020-01-08 18:19:32 - [MESSAGE][PASSED] - Object: 'Object Repository/NextButton' is clicked on

2020-01-08 18:19:32 - [TEST_STEP][PASSED] - delay(5): Delayed 5 second(s)

2020-01-08 18:19:37 - [MESSAGE][PASSED] - Delayed 5 second(s)

2020-01-08 18:19:37 - [TEST_STEP][PASSED] - setText(findTestObject("Password"), findTestData("LoginDetailsNJS").getValue(3, 2)): Text 'achala$123' is set on object 'Object Repository/Password'

2020-01-08 18:19:38 - [MESSAGE][PASSED] - Text 'achala$123' is set on object 'Object Repository/Password'

2020-01-08 18:19:38 - [TEST_STEP][PASSED] - click(findTestObject("NextButton")): Object: 'Object Repository/NextButton' is clicked on

2020-01-08 18:19:43 - [MESSAGE][PASSED] - Object: 'Object Repository/NextButton' is clicked on

2020-01-08 18:19:43 - [TEST_STEP][PASSED] - switchToWindowIndex(0): Switched to window with index: '0'

2020-01-08 18:19:43 - [MESSAGE][PASSED] - Switched to window with index: '0'

2020-01-08 18:19:43 - [TEST_STEP][PASSED] - delay(10): Delayed 10 second(s)

2020-01-08 18:19:53 - [MESSAGE][PASSED] - Delayed 10 second(s)

2020-01-08 18:19:53 - [TEST_STEP][PASSED] - click(findTestObject("ProfileName")): Object: 'Object Repository/ProfileName' is clicked on

2020-01-08 18:19:54 - [MESSAGE][PASSED] - Object: 'Object Repository/ProfileName' is clicked on

2020-01-08 18:19:54 - [TEST_STEP][PASSED] - click(findTestObject("DeleteResumeButton")): Object: 'Object Repository/DeleteResumeButton' is clicked on

2020-01-08 18:19:55 - [MESSAGE][PASSED] - Object: 'Object Repository/DeleteResumeButton' is clicked on

2020-01-08 18:19:55 - [TEST_STEP][PASSED] - click(findTestObject("DeleteResumeConfirm")): Object: 'Object Repository/DeleteResumeConfirm' is clicked on

2020-01-08 18:19:56 - [MESSAGE][PASSED] - Object: 'Object Repository/DeleteResumeConfirm' is clicked on

2020-01-08 18:19:56 - [TEST_STEP][PASSED] - delay(15): Delayed 15 second(s)

2020-01-08 18:20:11 - [MESSAGE][PASSED] - Delayed 15 second(s)

2020-01-08 18:20:11 - [TEST_STEP][PASSED] - takeScreenshot(): Taking screenshot successfully

2020-01-08 18:20:12 - [MESSAGE][PASSED] - Taking screenshot successfully
[[ATTACHMENT|C:\\Users\\chandu.t\\Katalon Studio\\NJS_Chandu\\Reports\\20200108_181717\\NJS_Chandu\\20200108_181717\\1578487812128.png]]

2020-01-08 18:20:12 - [TEST_STEP][PASSED] - uploadFile(findTestObject("UploadResumeButton"), findTestData("LoginDetailsNJS").getValue(5, 2)): File 'D:\chanduR\Resume22.docx' sent to object: 'Object Repository/UploadResumeButton'

2020-01-08 18:20:13 - [MESSAGE][PASSED] - File 'D:\chanduR\Resume22.docx' sent to object: 'Object Repository/UploadResumeButton'

2020-01-08 18:20:13 - [TEST_STEP][PASSED] - delay(10): Delayed 10 second(s)

2020-01-08 18:20:23 - [MESSAGE][PASSED] - Delayed 10 second(s)

2020-01-08 18:20:23 - [TEST_STEP][NOT_RUN] - click(findTestObject("EditResumeHeadline")): NOT_RUN: click(findTestObject("EditResumeHeadline"))

2020-01-08 18:20:23 - [MESSAGE][NOT_RUN] - NOT_RUN: click(findTestObject("EditResumeHeadline"))

2020-01-08 18:20:23 - [TEST_STEP][NOT_RUN] - setText(findTestObject("ResumeHeadLineText"), "."): NOT_RUN: setText(findTestObject("ResumeHeadLineText"), ".")

2020-01-08 18:20:23 - [MESSAGE][NOT_RUN] - NOT_RUN: setText(findTestObject("ResumeHeadLineText"), ".")

2020-01-08 18:20:23 - [TEST_STEP][NOT_RUN] - click(findTestObject("SaveResumeHeadLineButton")): NOT_RUN: click(findTestObject("SaveResumeHeadLineButton"))

2020-01-08 18:20:23 - [MESSAGE][NOT_RUN] - NOT_RUN: click(findTestObject("SaveResumeHeadLineButton"))

2020-01-08 18:20:23 - [TEST_STEP][PASSED] - takeScreenshot(): Taking screenshot successfully

2020-01-08 18:20:23 - [MESSAGE][PASSED] - Taking screenshot successfully
[[ATTACHMENT|C:\\Users\\chandu.t\\Katalon Studio\\NJS_Chandu\\Reports\\20200108_181717\\NJS_Chandu\\20200108_181717\\1578487823523.png]]

2020-01-08 18:20:23 - [TEST_STEP][PASSED] - refresh(): Refresh successfully

2020-01-08 18:20:28 - [MESSAGE][PASSED] - Refresh successfully

2020-01-08 18:20:28 - [TEST_STEP][PASSED] - delay(10): Delayed 10 second(s)

2020-01-08 18:20:38 - [MESSAGE][PASSED] - Delayed 10 second(s)

2020-01-08 18:20:38 - [TEST_STEP][PASSED] - takeScreenshot(): Taking screenshot successfully

2020-01-08 18:20:38 - [MESSAGE][PASSED] - Taking screenshot successfully
[[ATTACHMENT|C:\\Users\\chandu.t\\Katalon Studio\\NJS_Chandu\\Reports\\20200108_181717\\NJS_Chandu\\20200108_181717\\1578487838770.png]]

2020-01-08 18:20:38 - [TEST_STEP][PASSED] - closeBrowser(): Browser is closed

2020-01-08 18:20:49 - [MESSAGE][PASSED] - Browser is closed]]></system-out>
         <system-err><![CDATA[]]></system-err>
      </testcase>
      <testcase name="Test Cases/deleteandupload1" time="99.75" classname="Test Cases/deleteandupload1" status="PASSED">
         <system-out><![CDATA[2020-01-08 18:20:49 - [TEST_CASE][PASSED] - Test Cases/deleteandupload1: Test Cases/deleteandupload1

2020-01-08 18:20:49 - [TEST_STEP][PASSED] - openBrowser(findTestData("LoginDetailsNJS").getValue(1, 1)): Browser is opened with url: 'https://www.naukri.com/'

2020-01-08 18:20:49 - [MESSAGE][INFO] - Starting 'Firefox' driver

2020-01-08 18:21:05 - [MESSAGE][PASSED] - Browser is opened with url: 'https://www.naukri.com/'

2020-01-08 18:21:05 - [TEST_STEP][PASSED] - closeWindowIndex(1): Window with index 1 is closed

2020-01-08 18:21:05 - [MESSAGE][PASSED] - Window with index 1 is closed

2020-01-08 18:21:05 - [TEST_STEP][PASSED] - closeWindowIndex(1): Window with index 1 is closed

2020-01-08 18:21:05 - [MESSAGE][PASSED] - Window with index 1 is closed

2020-01-08 18:21:05 - [TEST_STEP][PASSED] - closeWindowIndex(1): Window with index 1 is closed

2020-01-08 18:21:06 - [MESSAGE][PASSED] - Window with index 1 is closed

2020-01-08 18:21:06 - [TEST_STEP][PASSED] - switchToWindowIndex(0): Switched to window with index: '0'

2020-01-08 18:21:06 - [MESSAGE][PASSED] - Switched to window with index: '0'

2020-01-08 18:21:06 - [TEST_STEP][PASSED] - maximizeWindow(): Current window maximized

2020-01-08 18:21:06 - [MESSAGE][PASSED] - Current window maximized

2020-01-08 18:21:06 - [TEST_STEP][PASSED] - click(findTestObject("LoginButton")): Object: 'Object Repository/LoginButton' is clicked on

2020-01-08 18:21:06 - [MESSAGE][PASSED] - Object: 'Object Repository/LoginButton' is clicked on

2020-01-08 18:21:06 - [TEST_STEP][PASSED] - click(findTestObject("GoogleButton")): Object: 'Object Repository/GoogleButton' is clicked on

2020-01-08 18:21:07 - [MESSAGE][PASSED] - Object: 'Object Repository/GoogleButton' is clicked on

2020-01-08 18:21:07 - [TEST_STEP][PASSED] - switchToWindowIndex(1): Switched to window with index: '1'

2020-01-08 18:21:07 - [MESSAGE][PASSED] - Switched to window with index: '1'

2020-01-08 18:21:07 - [TEST_STEP][PASSED] - setText(findTestObject("UserName"), findTestData("LoginDetailsNJS").getValue(2, 1)): Text 'thota.chandu1@gmail.com' is set on object 'Object Repository/UserName'

2020-01-08 18:21:11 - [MESSAGE][PASSED] - Text 'thota.chandu1@gmail.com' is set on object 'Object Repository/UserName'

2020-01-08 18:21:11 - [TEST_STEP][PASSED] - click(findTestObject("NextButton")): Object: 'Object Repository/NextButton' is clicked on

2020-01-08 18:21:12 - [MESSAGE][PASSED] - Object: 'Object Repository/NextButton' is clicked on

2020-01-08 18:21:12 - [TEST_STEP][PASSED] - delay(5): Delayed 5 second(s)

2020-01-08 18:21:17 - [MESSAGE][PASSED] - Delayed 5 second(s)

2020-01-08 18:21:17 - [TEST_STEP][PASSED] - setText(findTestObject("Password"), findTestData("LoginDetailsNJS").getValue(3, 1)): Text 'achala$123' is set on object 'Object Repository/Password'

2020-01-08 18:21:18 - [MESSAGE][PASSED] - Text 'achala$123' is set on object 'Object Repository/Password'

2020-01-08 18:21:18 - [TEST_STEP][PASSED] - click(findTestObject("NextButton")): Object: 'Object Repository/NextButton' is clicked on

2020-01-08 18:21:24 - [MESSAGE][PASSED] - Object: 'Object Repository/NextButton' is clicked on

2020-01-08 18:21:24 - [TEST_STEP][PASSED] - switchToWindowIndex(0): Switched to window with index: '0'

2020-01-08 18:21:24 - [MESSAGE][PASSED] - Switched to window with index: '0'

2020-01-08 18:21:24 - [TEST_STEP][PASSED] - delay(10): Delayed 10 second(s)

2020-01-08 18:21:34 - [MESSAGE][PASSED] - Delayed 10 second(s)

2020-01-08 18:21:34 - [TEST_STEP][PASSED] - click(findTestObject("ProfileName")): Object: 'Object Repository/ProfileName' is clicked on

2020-01-08 18:21:35 - [MESSAGE][PASSED] - Object: 'Object Repository/ProfileName' is clicked on

2020-01-08 18:21:35 - [TEST_STEP][PASSED] - click(findTestObject("DeleteResumeButton")): Object: 'Object Repository/DeleteResumeButton' is clicked on

2020-01-08 18:21:38 - [MESSAGE][PASSED] - Object: 'Object Repository/DeleteResumeButton' is clicked on

2020-01-08 18:21:38 - [TEST_STEP][PASSED] - click(findTestObject("DeleteResumeConfirm")): Object: 'Object Repository/DeleteResumeConfirm' is clicked on

2020-01-08 18:21:38 - [MESSAGE][PASSED] - Object: 'Object Repository/DeleteResumeConfirm' is clicked on

2020-01-08 18:21:38 - [TEST_STEP][PASSED] - delay(15): Delayed 15 second(s)

2020-01-08 18:21:53 - [MESSAGE][PASSED] - Delayed 15 second(s)

2020-01-08 18:21:53 - [TEST_STEP][PASSED] - takeScreenshot(): Taking screenshot successfully

2020-01-08 18:21:54 - [MESSAGE][PASSED] - Taking screenshot successfully
[[ATTACHMENT|C:\\Users\\chandu.t\\Katalon Studio\\NJS_Chandu\\Reports\\20200108_181717\\NJS_Chandu\\20200108_181717\\1578487914163.png]]

2020-01-08 18:21:54 - [TEST_STEP][PASSED] - uploadFile(findTestObject("UploadResumeButton"), findTestData("LoginDetailsNJS").getValue(5, 1)): File 'D:\chanduR\Resume11.docx' sent to object: 'Object Repository/UploadResumeButton'

2020-01-08 18:21:54 - [MESSAGE][PASSED] - File 'D:\chanduR\Resume11.docx' sent to object: 'Object Repository/UploadResumeButton'

2020-01-08 18:21:54 - [TEST_STEP][PASSED] - delay(10): Delayed 10 second(s)

2020-01-08 18:22:04 - [MESSAGE][PASSED] - Delayed 10 second(s)

2020-01-08 18:22:04 - [TEST_STEP][NOT_RUN] - click(findTestObject("EditResumeHeadline")): NOT_RUN: click(findTestObject("EditResumeHeadline"))

2020-01-08 18:22:04 - [MESSAGE][NOT_RUN] - NOT_RUN: click(findTestObject("EditResumeHeadline"))

2020-01-08 18:22:04 - [TEST_STEP][NOT_RUN] - setText(findTestObject("ResumeHeadLineText"), "."): NOT_RUN: setText(findTestObject("ResumeHeadLineText"), ".")

2020-01-08 18:22:04 - [MESSAGE][NOT_RUN] - NOT_RUN: setText(findTestObject("ResumeHeadLineText"), ".")

2020-01-08 18:22:04 - [TEST_STEP][NOT_RUN] - click(findTestObject("SaveResumeHeadLineButton")): NOT_RUN: click(findTestObject("SaveResumeHeadLineButton"))

2020-01-08 18:22:04 - [MESSAGE][NOT_RUN] - NOT_RUN: click(findTestObject("SaveResumeHeadLineButton"))

2020-01-08 18:22:04 - [TEST_STEP][PASSED] - takeScreenshot(): Taking screenshot successfully

2020-01-08 18:22:05 - [MESSAGE][PASSED] - Taking screenshot successfully
[[ATTACHMENT|C:\\Users\\chandu.t\\Katalon Studio\\NJS_Chandu\\Reports\\20200108_181717\\NJS_Chandu\\20200108_181717\\1578487925116.png]]

2020-01-08 18:22:05 - [TEST_STEP][PASSED] - refresh(): Refresh successfully

2020-01-08 18:22:13 - [MESSAGE][PASSED] - Refresh successfully

2020-01-08 18:22:13 - [TEST_STEP][PASSED] - delay(10): Delayed 10 second(s)

2020-01-08 18:22:23 - [MESSAGE][PASSED] - Delayed 10 second(s)

2020-01-08 18:22:23 - [TEST_STEP][PASSED] - takeScreenshot(): Taking screenshot successfully

2020-01-08 18:22:23 - [MESSAGE][PASSED] - Taking screenshot successfully
[[ATTACHMENT|C:\\Users\\chandu.t\\Katalon Studio\\NJS_Chandu\\Reports\\20200108_181717\\NJS_Chandu\\20200108_181717\\1578487943557.png]]

2020-01-08 18:22:23 - [TEST_STEP][PASSED] - closeBrowser(): Browser is closed

2020-01-08 18:22:29 - [MESSAGE][PASSED] - Browser is closed]]></system-out>
         <system-err><![CDATA[]]></system-err>
      </testcase>
      <system-out><![CDATA[2020-01-08 18:17:21 - [TEST_SUITE][PASSED] - NJS_Chandu: Test Cases/deleteandupload1]]></system-out>
      <system-err><![CDATA[]]></system-err>
   </testsuite>
</testsuites>
