<?xml version="1.0" encoding="UTF-8"?>
<testsuites name="NJS_Chandu" time="326.104" tests="4" failures="0" errors="0">
   <testsuite name="NJS_Chandu" tests="4" failures="0" errors="0" time="326.104" timestamp="2019-12-18 09:57:38" hostname="chandu.t - wlpt518.imidomain.com" id="Test Suites/NJS_Chandu">
      <properties>
[...]
</properties>
      <testcase name="Test Cases/deleteandupload3" time="114.102" classname="Test Cases/deleteandupload3" status="PASSED">
         <system-out><![CDATA[2019-12-18 09:57:40 - [TEST_CASE][PASSED] - Test Cases/deleteandupload3: Test Cases/deleteandupload3

2019-12-18 09:57:42 - [TEST_STEP][PASSED] - openBrowser(findTestData("LoginDetailsNJS").getValue(1, 3)): Browser is opened with url: 'https://www.naukri.com/'

2019-12-18 09:57:47 - [MESSAGE][INFO] - Starting 'Chrome' driver

2019-12-18 09:57:47 - [MESSAGE][INFO] - User set preference: ['args', '[--incognito]']

2019-12-18 09:57:47 - [MESSAGE][INFO] - Action delay is set to 0 seconds

2019-12-18 09:58:07 - [MESSAGE][PASSED] - Browser is opened with url: 'https://www.naukri.com/'

2019-12-18 09:58:07 - [TEST_STEP][PASSED] - closeWindowIndex(1): Window with index 1 is closed

2019-12-18 09:58:09 - [MESSAGE][PASSED] - Window with index 1 is closed

2019-12-18 09:58:09 - [TEST_STEP][PASSED] - closeWindowIndex(1): Window with index 1 is closed

2019-12-18 09:58:10 - [MESSAGE][PASSED] - Window with index 1 is closed

2019-12-18 09:58:10 - [TEST_STEP][PASSED] - switchToWindowIndex(0): Switched to window with index: '0'

2019-12-18 09:58:11 - [MESSAGE][PASSED] - Switched to window with index: '0'

2019-12-18 09:58:11 - [TEST_STEP][PASSED] - maximizeWindow(): Current window maximized

2019-12-18 09:58:12 - [MESSAGE][PASSED] - Current window maximized

2019-12-18 09:58:12 - [TEST_STEP][PASSED] - click(findTestObject("LoginButton")): Object: 'Object Repository/LoginButton' is clicked on

2019-12-18 09:58:14 - [MESSAGE][PASSED] - Object: 'Object Repository/LoginButton' is clicked on

2019-12-18 09:58:14 - [TEST_STEP][PASSED] - click(findTestObject("GoogleButton")): Object: 'Object Repository/GoogleButton' is clicked on

2019-12-18 09:58:14 - [MESSAGE][PASSED] - Object: 'Object Repository/GoogleButton' is clicked on

2019-12-18 09:58:14 - [TEST_STEP][PASSED] - switchToWindowIndex(1): Switched to window with index: '1'

2019-12-18 09:58:16 - [MESSAGE][PASSED] - Switched to window with index: '1'

2019-12-18 09:58:16 - [TEST_STEP][PASSED] - setText(findTestObject("UserName"), findTestData("LoginDetailsNJS").getValue(2, 3)): Text 'chandut1024@gmail.com' is set on object 'Object Repository/UserName'

2019-12-18 09:58:25 - [MESSAGE][PASSED] - Text 'chandut1024@gmail.com' is set on object 'Object Repository/UserName'

2019-12-18 09:58:25 - [TEST_STEP][PASSED] - click(findTestObject("NextButton")): Object: 'Object Repository/NextButton' is clicked on

2019-12-18 09:58:26 - [MESSAGE][PASSED] - Object: 'Object Repository/NextButton' is clicked on

2019-12-18 09:58:26 - [TEST_STEP][PASSED] - delay(5): Delayed 5 second(s)

2019-12-18 09:58:31 - [MESSAGE][PASSED] - Delayed 5 second(s)

2019-12-18 09:58:31 - [TEST_STEP][PASSED] - setText(findTestObject("Password"), findTestData("LoginDetailsNJS").getValue(3, 3)): Text 'achala$123' is set on object 'Object Repository/Password'

2019-12-18 09:58:31 - [MESSAGE][PASSED] - Text 'achala$123' is set on object 'Object Repository/Password'

2019-12-18 09:58:31 - [TEST_STEP][PASSED] - click(findTestObject("NextButton")): Object: 'Object Repository/NextButton' is clicked on

2019-12-18 09:58:32 - [MESSAGE][PASSED] - Object: 'Object Repository/NextButton' is clicked on

2019-12-18 09:58:32 - [TEST_STEP][PASSED] - switchToWindowIndex(0): Switched to window with index: '0'

2019-12-18 09:58:33 - [MESSAGE][PASSED] - Switched to window with index: '0'

2019-12-18 09:58:33 - [TEST_STEP][PASSED] - delay(10): Delayed 10 second(s)

2019-12-18 09:58:43 - [MESSAGE][PASSED] - Delayed 10 second(s)

2019-12-18 09:58:43 - [TEST_STEP][PASSED] - click(findTestObject("ProfileName")): Object: 'Object Repository/ProfileName' is clicked on

2019-12-18 09:58:47 - [MESSAGE][PASSED] - Object: 'Object Repository/ProfileName' is clicked on

2019-12-18 09:58:47 - [TEST_STEP][PASSED] - click(findTestObject("DeleteResumeButton")): Object: 'Object Repository/DeleteResumeButton' is clicked on

2019-12-18 09:58:48 - [MESSAGE][PASSED] - Object: 'Object Repository/DeleteResumeButton' is clicked on

2019-12-18 09:58:48 - [TEST_STEP][PASSED] - click(findTestObject("DeleteResumeConfirm")): Object: 'Object Repository/DeleteResumeConfirm' is clicked on

2019-12-18 09:58:48 - [MESSAGE][PASSED] - Object: 'Object Repository/DeleteResumeConfirm' is clicked on

2019-12-18 09:58:48 - [TEST_STEP][PASSED] - delay(15): Delayed 15 second(s)

2019-12-18 09:59:03 - [MESSAGE][PASSED] - Delayed 15 second(s)

2019-12-18 09:59:03 - [TEST_STEP][PASSED] - takeScreenshot(): Taking screenshot successfully

2019-12-18 09:59:04 - [MESSAGE][PASSED] - Taking screenshot successfully
[[ATTACHMENT|C:\\Users\\chandu.t\\Katalon Studio\\NJS_Chandu\\Reports\\20191218_095729\\NJS_Chandu\\20191218_095729\\1576643343860.png]]

2019-12-18 09:59:04 - [TEST_STEP][PASSED] - uploadFile(findTestObject("UploadResumeButton"), findTestData("LoginDetailsNJS").getValue(5, 3)): File 'D:\chanduR\Resume3.docx' sent to object: 'Object Repository/UploadResumeButton'

2019-12-18 09:59:07 - [MESSAGE][PASSED] - File 'D:\chanduR\Resume3.docx' sent to object: 'Object Repository/UploadResumeButton'

2019-12-18 09:59:07 - [TEST_STEP][PASSED] - delay(10): Delayed 10 second(s)

2019-12-18 09:59:17 - [MESSAGE][PASSED] - Delayed 10 second(s)

2019-12-18 09:59:17 - [TEST_STEP][NOT_RUN] - click(findTestObject("EditResumeHeadline")): NOT_RUN: click(findTestObject("EditResumeHeadline"))

2019-12-18 09:59:17 - [MESSAGE][NOT_RUN] - NOT_RUN: click(findTestObject("EditResumeHeadline"))

2019-12-18 09:59:17 - [TEST_STEP][NOT_RUN] - setText(findTestObject("ResumeHeadLineText"), "."): NOT_RUN: setText(findTestObject("ResumeHeadLineText"), ".")

2019-12-18 09:59:17 - [MESSAGE][NOT_RUN] - NOT_RUN: setText(findTestObject("ResumeHeadLineText"), ".")

2019-12-18 09:59:17 - [TEST_STEP][NOT_RUN] - click(findTestObject("SaveResumeHeadLineButton")): NOT_RUN: click(findTestObject("SaveResumeHeadLineButton"))

2019-12-18 09:59:17 - [MESSAGE][NOT_RUN] - NOT_RUN: click(findTestObject("SaveResumeHeadLineButton"))

2019-12-18 09:59:17 - [TEST_STEP][PASSED] - takeScreenshot(): Taking screenshot successfully

2019-12-18 09:59:18 - [MESSAGE][PASSED] - Taking screenshot successfully
[[ATTACHMENT|C:\\Users\\chandu.t\\Katalon Studio\\NJS_Chandu\\Reports\\20191218_095729\\NJS_Chandu\\20191218_095729\\1576643357489.png]]

2019-12-18 09:59:18 - [TEST_STEP][PASSED] - refresh(): Refresh successfully

2019-12-18 09:59:21 - [MESSAGE][PASSED] - Refresh successfully

2019-12-18 09:59:21 - [TEST_STEP][PASSED] - delay(10): Delayed 10 second(s)

2019-12-18 09:59:31 - [MESSAGE][PASSED] - Delayed 10 second(s)

2019-12-18 09:59:31 - [TEST_STEP][PASSED] - takeScreenshot(): Taking screenshot successfully

2019-12-18 09:59:32 - [MESSAGE][PASSED] - Taking screenshot successfully
[[ATTACHMENT|C:\\Users\\chandu.t\\Katalon Studio\\NJS_Chandu\\Reports\\20191218_095729\\NJS_Chandu\\20191218_095729\\1576643371829.png]]

2019-12-18 09:59:32 - [TEST_STEP][PASSED] - closeBrowser(): Browser is closed

2019-12-18 09:59:34 - [MESSAGE][PASSED] - Browser is closed]]></system-out>
         <system-err><![CDATA[]]></system-err>
      </testcase>
      <testcase name="Test Cases/deleteandupload2" time="93.357" classname="Test Cases/deleteandupload2" status="PASSED">
         <system-out><![CDATA[2019-12-18 09:59:34 - [TEST_CASE][PASSED] - Test Cases/deleteandupload2: Test Cases/deleteandupload2

2019-12-18 09:59:35 - [TEST_STEP][PASSED] - openBrowser(findTestData("LoginDetailsNJS").getValue(1, 2)): Browser is opened with url: 'https://www.naukri.com/'

2019-12-18 09:59:35 - [MESSAGE][INFO] - Starting 'Chrome' driver

2019-12-18 09:59:35 - [MESSAGE][INFO] - User set preference: ['args', '[--incognito]']

2019-12-18 09:59:45 - [MESSAGE][PASSED] - Browser is opened with url: 'https://www.naukri.com/'

2019-12-18 09:59:45 - [TEST_STEP][PASSED] - closeWindowIndex(1): Window with index 1 is closed

2019-12-18 09:59:46 - [MESSAGE][PASSED] - Window with index 1 is closed

2019-12-18 09:59:46 - [TEST_STEP][PASSED] - closeWindowIndex(1): Window with index 1 is closed

2019-12-18 09:59:48 - [MESSAGE][PASSED] - Window with index 1 is closed

2019-12-18 09:59:48 - [TEST_STEP][PASSED] - switchToWindowIndex(0): Switched to window with index: '0'

2019-12-18 09:59:48 - [MESSAGE][PASSED] - Switched to window with index: '0'

2019-12-18 09:59:48 - [TEST_STEP][PASSED] - maximizeWindow(): Current window maximized

2019-12-18 09:59:49 - [MESSAGE][PASSED] - Current window maximized

2019-12-18 09:59:49 - [TEST_STEP][PASSED] - click(findTestObject("LoginButton")): Object: 'Object Repository/LoginButton' is clicked on

2019-12-18 09:59:50 - [MESSAGE][PASSED] - Object: 'Object Repository/LoginButton' is clicked on

2019-12-18 09:59:50 - [TEST_STEP][PASSED] - click(findTestObject("GoogleButton")): Object: 'Object Repository/GoogleButton' is clicked on

2019-12-18 09:59:57 - [MESSAGE][PASSED] - Object: 'Object Repository/GoogleButton' is clicked on

2019-12-18 09:59:57 - [TEST_STEP][PASSED] - switchToWindowIndex(1): Switched to window with index: '1'

2019-12-18 09:59:58 - [MESSAGE][PASSED] - Switched to window with index: '1'

2019-12-18 09:59:58 - [TEST_STEP][PASSED] - setText(findTestObject("UserName"), findTestData("LoginDetailsNJS").getValue(2, 2)): Text 'chanduthota371@gmail.com' is set on object 'Object Repository/UserName'

2019-12-18 10:00:00 - [MESSAGE][PASSED] - Text 'chanduthota371@gmail.com' is set on object 'Object Repository/UserName'

2019-12-18 10:00:00 - [TEST_STEP][PASSED] - click(findTestObject("NextButton")): Object: 'Object Repository/NextButton' is clicked on

2019-12-18 10:00:01 - [MESSAGE][PASSED] - Object: 'Object Repository/NextButton' is clicked on

2019-12-18 10:00:01 - [TEST_STEP][PASSED] - delay(5): Delayed 5 second(s)

2019-12-18 10:00:06 - [MESSAGE][PASSED] - Delayed 5 second(s)

2019-12-18 10:00:06 - [TEST_STEP][PASSED] - setText(findTestObject("Password"), findTestData("LoginDetailsNJS").getValue(3, 2)): Text 'achala$123' is set on object 'Object Repository/Password'

2019-12-18 10:00:07 - [MESSAGE][PASSED] - Text 'achala$123' is set on object 'Object Repository/Password'

2019-12-18 10:00:07 - [TEST_STEP][PASSED] - click(findTestObject("NextButton")): Object: 'Object Repository/NextButton' is clicked on

2019-12-18 10:00:08 - [MESSAGE][PASSED] - Object: 'Object Repository/NextButton' is clicked on

2019-12-18 10:00:08 - [TEST_STEP][PASSED] - switchToWindowIndex(0): Switched to window with index: '0'

2019-12-18 10:00:09 - [MESSAGE][PASSED] - Switched to window with index: '0'

2019-12-18 10:00:09 - [TEST_STEP][PASSED] - delay(10): Delayed 10 second(s)

2019-12-18 10:00:19 - [MESSAGE][PASSED] - Delayed 10 second(s)

2019-12-18 10:00:19 - [TEST_STEP][PASSED] - click(findTestObject("ProfileName")): Object: 'Object Repository/ProfileName' is clicked on

2019-12-18 10:00:25 - [MESSAGE][PASSED] - Object: 'Object Repository/ProfileName' is clicked on

2019-12-18 10:00:25 - [TEST_STEP][PASSED] - click(findTestObject("DeleteResumeButton")): Object: 'Object Repository/DeleteResumeButton' is clicked on

2019-12-18 10:00:27 - [MESSAGE][PASSED] - Object: 'Object Repository/DeleteResumeButton' is clicked on

2019-12-18 10:00:27 - [TEST_STEP][PASSED] - click(findTestObject("DeleteResumeConfirm")): Object: 'Object Repository/DeleteResumeConfirm' is clicked on

2019-12-18 10:00:28 - [MESSAGE][PASSED] - Object: 'Object Repository/DeleteResumeConfirm' is clicked on

2019-12-18 10:00:28 - [TEST_STEP][PASSED] - delay(15): Delayed 15 second(s)

2019-12-18 10:00:43 - [MESSAGE][PASSED] - Delayed 15 second(s)

2019-12-18 10:00:43 - [TEST_STEP][PASSED] - takeScreenshot(): Taking screenshot successfully

2019-12-18 10:00:44 - [MESSAGE][PASSED] - Taking screenshot successfully
[[ATTACHMENT|C:\\Users\\chandu.t\\Katalon Studio\\NJS_Chandu\\Reports\\20191218_095729\\NJS_Chandu\\20191218_095729\\1576643443277.png]]

2019-12-18 10:00:44 - [TEST_STEP][PASSED] - uploadFile(findTestObject("UploadResumeButton"), findTestData("LoginDetailsNJS").getValue(5, 2)): File 'D:\chanduR\Resume2.docx' sent to object: 'Object Repository/UploadResumeButton'

2019-12-18 10:00:44 - [MESSAGE][PASSED] - File 'D:\chanduR\Resume2.docx' sent to object: 'Object Repository/UploadResumeButton'

2019-12-18 10:00:44 - [TEST_STEP][PASSED] - delay(10): Delayed 10 second(s)

2019-12-18 10:00:54 - [MESSAGE][PASSED] - Delayed 10 second(s)

2019-12-18 10:00:54 - [TEST_STEP][NOT_RUN] - click(findTestObject("EditResumeHeadline")): NOT_RUN: click(findTestObject("EditResumeHeadline"))

2019-12-18 10:00:54 - [MESSAGE][NOT_RUN] - NOT_RUN: click(findTestObject("EditResumeHeadline"))

2019-12-18 10:00:54 - [TEST_STEP][NOT_RUN] - setText(findTestObject("ResumeHeadLineText"), "."): NOT_RUN: setText(findTestObject("ResumeHeadLineText"), ".")

2019-12-18 10:00:54 - [MESSAGE][NOT_RUN] - NOT_RUN: setText(findTestObject("ResumeHeadLineText"), ".")

2019-12-18 10:00:54 - [TEST_STEP][NOT_RUN] - click(findTestObject("SaveResumeHeadLineButton")): NOT_RUN: click(findTestObject("SaveResumeHeadLineButton"))

2019-12-18 10:00:54 - [MESSAGE][NOT_RUN] - NOT_RUN: click(findTestObject("SaveResumeHeadLineButton"))

2019-12-18 10:00:54 - [TEST_STEP][PASSED] - takeScreenshot(): Taking screenshot successfully

2019-12-18 10:00:55 - [MESSAGE][PASSED] - Taking screenshot successfully
[[ATTACHMENT|C:\\Users\\chandu.t\\Katalon Studio\\NJS_Chandu\\Reports\\20191218_095729\\NJS_Chandu\\20191218_095729\\1576643455025.png]]

2019-12-18 10:00:55 - [TEST_STEP][PASSED] - refresh(): Refresh successfully

2019-12-18 10:00:55 - [MESSAGE][PASSED] - Refresh successfully

2019-12-18 10:00:55 - [TEST_STEP][PASSED] - delay(10): Delayed 10 second(s)

2019-12-18 10:01:05 - [MESSAGE][PASSED] - Delayed 10 second(s)

2019-12-18 10:01:05 - [TEST_STEP][PASSED] - takeScreenshot(): Taking screenshot successfully

2019-12-18 10:01:06 - [MESSAGE][PASSED] - Taking screenshot successfully
[[ATTACHMENT|C:\\Users\\chandu.t\\Katalon Studio\\NJS_Chandu\\Reports\\20191218_095729\\NJS_Chandu\\20191218_095729\\1576643465858.png]]

2019-12-18 10:01:06 - [TEST_STEP][PASSED] - closeBrowser(): Browser is closed

2019-12-18 10:01:07 - [MESSAGE][PASSED] - Browser is closed]]></system-out>
         <system-err><![CDATA[]]></system-err>
      </testcase>
      <testcase name="Test Cases/deleteandupload1" time="91.108" classname="Test Cases/deleteandupload1" status="PASSED">
         <system-out><![CDATA[2019-12-18 10:01:08 - [TEST_CASE][PASSED] - Test Cases/deleteandupload1: Test Cases/deleteandupload1

2019-12-18 10:01:08 - [TEST_STEP][PASSED] - openBrowser(findTestData("LoginDetailsNJS").getValue(1, 1)): Browser is opened with url: 'https://www.naukri.com/'

2019-12-18 10:01:09 - [MESSAGE][INFO] - Starting 'Chrome' driver

2019-12-18 10:01:09 - [MESSAGE][INFO] - User set preference: ['args', '[--incognito]']

2019-12-18 10:01:21 - [MESSAGE][PASSED] - Browser is opened with url: 'https://www.naukri.com/'

2019-12-18 10:01:21 - [TEST_STEP][PASSED] - closeWindowIndex(1): Window with index 1 is closed

2019-12-18 10:01:22 - [MESSAGE][PASSED] - Window with index 1 is closed

2019-12-18 10:01:22 - [TEST_STEP][PASSED] - closeWindowIndex(1): Window with index 1 is closed

2019-12-18 10:01:24 - [MESSAGE][PASSED] - Window with index 1 is closed

2019-12-18 10:01:24 - [TEST_STEP][PASSED] - switchToWindowIndex(0): Switched to window with index: '0'

2019-12-18 10:01:24 - [MESSAGE][PASSED] - Switched to window with index: '0'

2019-12-18 10:01:24 - [TEST_STEP][PASSED] - maximizeWindow(): Current window maximized

2019-12-18 10:01:25 - [MESSAGE][PASSED] - Current window maximized

2019-12-18 10:01:25 - [TEST_STEP][PASSED] - click(findTestObject("LoginButton")): Object: 'Object Repository/LoginButton' is clicked on

2019-12-18 10:01:26 - [MESSAGE][PASSED] - Object: 'Object Repository/LoginButton' is clicked on

2019-12-18 10:01:26 - [TEST_STEP][PASSED] - click(findTestObject("GoogleButton")): Object: 'Object Repository/GoogleButton' is clicked on

2019-12-18 10:01:32 - [MESSAGE][PASSED] - Object: 'Object Repository/GoogleButton' is clicked on

2019-12-18 10:01:32 - [TEST_STEP][PASSED] - switchToWindowIndex(1): Switched to window with index: '1'

2019-12-18 10:01:33 - [MESSAGE][PASSED] - Switched to window with index: '1'

2019-12-18 10:01:33 - [TEST_STEP][PASSED] - setText(findTestObject("UserName"), findTestData("LoginDetailsNJS").getValue(2, 1)): Text 'thota.chandu1@gmail.com' is set on object 'Object Repository/UserName'

2019-12-18 10:01:34 - [MESSAGE][PASSED] - Text 'thota.chandu1@gmail.com' is set on object 'Object Repository/UserName'

2019-12-18 10:01:34 - [TEST_STEP][PASSED] - click(findTestObject("NextButton")): Object: 'Object Repository/NextButton' is clicked on

2019-12-18 10:01:36 - [MESSAGE][PASSED] - Object: 'Object Repository/NextButton' is clicked on

2019-12-18 10:01:36 - [TEST_STEP][PASSED] - delay(5): Delayed 5 second(s)

2019-12-18 10:01:41 - [MESSAGE][PASSED] - Delayed 5 second(s)

2019-12-18 10:01:41 - [TEST_STEP][PASSED] - setText(findTestObject("Password"), findTestData("LoginDetailsNJS").getValue(3, 1)): Text 'achala$123' is set on object 'Object Repository/Password'

2019-12-18 10:01:42 - [MESSAGE][PASSED] - Text 'achala$123' is set on object 'Object Repository/Password'

2019-12-18 10:01:42 - [TEST_STEP][PASSED] - click(findTestObject("NextButton")): Object: 'Object Repository/NextButton' is clicked on

2019-12-18 10:01:42 - [MESSAGE][PASSED] - Object: 'Object Repository/NextButton' is clicked on

2019-12-18 10:01:42 - [TEST_STEP][PASSED] - switchToWindowIndex(0): Switched to window with index: '0'

2019-12-18 10:01:42 - [MESSAGE][PASSED] - Switched to window with index: '0'

2019-12-18 10:01:42 - [TEST_STEP][PASSED] - delay(10): Delayed 10 second(s)

2019-12-18 10:01:52 - [MESSAGE][PASSED] - Delayed 10 second(s)

2019-12-18 10:01:52 - [TEST_STEP][PASSED] - click(findTestObject("ProfileName")): Object: 'Object Repository/ProfileName' is clicked on

2019-12-18 10:01:56 - [MESSAGE][PASSED] - Object: 'Object Repository/ProfileName' is clicked on

2019-12-18 10:01:56 - [TEST_STEP][PASSED] - click(findTestObject("DeleteResumeButton")): Object: 'Object Repository/DeleteResumeButton' is clicked on

2019-12-18 10:01:57 - [MESSAGE][PASSED] - Object: 'Object Repository/DeleteResumeButton' is clicked on

2019-12-18 10:01:57 - [TEST_STEP][PASSED] - click(findTestObject("DeleteResumeConfirm")): Object: 'Object Repository/DeleteResumeConfirm' is clicked on

2019-12-18 10:01:57 - [MESSAGE][PASSED] - Object: 'Object Repository/DeleteResumeConfirm' is clicked on

2019-12-18 10:01:57 - [TEST_STEP][PASSED] - delay(15): Delayed 15 second(s)

2019-12-18 10:02:12 - [MESSAGE][PASSED] - Delayed 15 second(s)

2019-12-18 10:02:12 - [TEST_STEP][PASSED] - takeScreenshot(): Taking screenshot successfully

2019-12-18 10:02:13 - [MESSAGE][PASSED] - Taking screenshot successfully
[[ATTACHMENT|C:\\Users\\chandu.t\\Katalon Studio\\NJS_Chandu\\Reports\\20191218_095729\\NJS_Chandu\\20191218_095729\\1576643532860.png]]

2019-12-18 10:02:13 - [TEST_STEP][PASSED] - uploadFile(findTestObject("UploadResumeButton"), findTestData("LoginDetailsNJS").getValue(5, 1)): File 'D:\chanduR\Resume1.docx' sent to object: 'Object Repository/UploadResumeButton'

2019-12-18 10:02:13 - [MESSAGE][PASSED] - File 'D:\chanduR\Resume1.docx' sent to object: 'Object Repository/UploadResumeButton'

2019-12-18 10:02:13 - [TEST_STEP][PASSED] - delay(10): Delayed 10 second(s)

2019-12-18 10:02:23 - [MESSAGE][PASSED] - Delayed 10 second(s)

2019-12-18 10:02:23 - [TEST_STEP][NOT_RUN] - click(findTestObject("EditResumeHeadline")): NOT_RUN: click(findTestObject("EditResumeHeadline"))

2019-12-18 10:02:23 - [MESSAGE][NOT_RUN] - NOT_RUN: click(findTestObject("EditResumeHeadline"))

2019-12-18 10:02:23 - [TEST_STEP][NOT_RUN] - setText(findTestObject("ResumeHeadLineText"), "."): NOT_RUN: setText(findTestObject("ResumeHeadLineText"), ".")

2019-12-18 10:02:23 - [MESSAGE][NOT_RUN] - NOT_RUN: setText(findTestObject("ResumeHeadLineText"), ".")

2019-12-18 10:02:23 - [TEST_STEP][NOT_RUN] - click(findTestObject("SaveResumeHeadLineButton")): NOT_RUN: click(findTestObject("SaveResumeHeadLineButton"))

2019-12-18 10:02:23 - [MESSAGE][NOT_RUN] - NOT_RUN: click(findTestObject("SaveResumeHeadLineButton"))

2019-12-18 10:02:23 - [TEST_STEP][PASSED] - takeScreenshot(): Taking screenshot successfully

2019-12-18 10:02:24 - [MESSAGE][PASSED] - Taking screenshot successfully
[[ATTACHMENT|C:\\Users\\chandu.t\\Katalon Studio\\NJS_Chandu\\Reports\\20191218_095729\\NJS_Chandu\\20191218_095729\\1576643544195.png]]

2019-12-18 10:02:24 - [TEST_STEP][PASSED] - refresh(): Refresh successfully

2019-12-18 10:02:27 - [MESSAGE][PASSED] - Refresh successfully

2019-12-18 10:02:27 - [TEST_STEP][PASSED] - delay(10): Delayed 10 second(s)

2019-12-18 10:02:37 - [MESSAGE][PASSED] - Delayed 10 second(s)

2019-12-18 10:02:37 - [TEST_STEP][PASSED] - takeScreenshot(): Taking screenshot successfully

2019-12-18 10:02:37 - [MESSAGE][PASSED] - Taking screenshot successfully
[[ATTACHMENT|C:\\Users\\chandu.t\\Katalon Studio\\NJS_Chandu\\Reports\\20191218_095729\\NJS_Chandu\\20191218_095729\\1576643557505.png]]

2019-12-18 10:02:37 - [TEST_STEP][PASSED] - closeBrowser(): Browser is closed

2019-12-18 10:02:39 - [MESSAGE][PASSED] - Browser is closed]]></system-out>
         <system-err><![CDATA[]]></system-err>
      </testcase>
      <testcase name="Test Cases/SCRCheck" time="25.65" classname="Test Cases/SCRCheck" status="PASSED">
         <system-out><![CDATA[2019-12-18 10:02:39 - [TEST_CASE][PASSED] - Test Cases/SCRCheck: Test Cases/SCRCheck

2019-12-18 10:02:39 - [TEST_STEP][PASSED] - openBrowser("https://scr.indianrailways.gov.in/"): Browser is opened with url: 'https://scr.indianrailways.gov.in/'

2019-12-18 10:02:39 - [MESSAGE][INFO] - Starting 'Chrome' driver

2019-12-18 10:02:39 - [MESSAGE][INFO] - User set preference: ['args', '[--incognito]']

2019-12-18 10:02:47 - [MESSAGE][PASSED] - Browser is opened with url: 'https://scr.indianrailways.gov.in/'

2019-12-18 10:02:47 - [TEST_STEP][PASSED] - maximizeWindow(): Current window maximized

2019-12-18 10:02:49 - [MESSAGE][PASSED] - Current window maximized

2019-12-18 10:02:49 - [TEST_STEP][PASSED] - mouseOver(findTestObject("SCRPage/PublicInformation")): Object: 'Object Repository/SCRPage/PublicInformation' is hovered

2019-12-18 10:02:50 - [MESSAGE][PASSED] - Object: 'Object Repository/SCRPage/PublicInformation' is hovered

2019-12-18 10:02:50 - [TEST_STEP][PASSED] - click(findTestObject("SCRPage/PressRelease")): Object: 'Object Repository/SCRPage/PressRelease' is clicked on

2019-12-18 10:02:53 - [MESSAGE][PASSED] - Object: 'Object Repository/SCRPage/PressRelease' is clicked on

2019-12-18 10:02:53 - [TEST_STEP][PASSED] - delay(10): Delayed 10 second(s)

2019-12-18 10:03:03 - [MESSAGE][PASSED] - Delayed 10 second(s)

2019-12-18 10:03:03 - [TEST_STEP][PASSED] - takeScreenshot(): Taking screenshot successfully

2019-12-18 10:03:03 - [MESSAGE][PASSED] - Taking screenshot successfully
[[ATTACHMENT|C:\\Users\\chandu.t\\Katalon Studio\\NJS_Chandu\\Reports\\20191218_095729\\NJS_Chandu\\20191218_095729\\1576643583265.png]]

2019-12-18 10:03:03 - [TEST_STEP][PASSED] - closeBrowser(): Browser is closed

2019-12-18 10:03:04 - [MESSAGE][PASSED] - Browser is closed]]></system-out>
         <system-err><![CDATA[]]></system-err>
      </testcase>
      <system-out><![CDATA[2019-12-18 09:57:38 - [TEST_SUITE][PASSED] - NJS_Chandu: Test Cases/SCRCheck]]></system-out>
      <system-err><![CDATA[]]></system-err>
   </testsuite>
</testsuites>
