<?xml version="1.0" encoding="UTF-8"?>
<testsuites name="NJS_Chandu" time="335.477" tests="3" failures="0" errors="0">
   <testsuite name="NJS_Chandu" tests="3" failures="0" errors="0" time="335.477" timestamp="2020-01-20 12:33:02" hostname="chandu.t - wlpt518.imidomain.com" id="Test Suites/NJS_Chandu">
      <properties>
[...]
</properties>
      <testcase name="Test Cases/Naukri/deleteandupload3" time="120.7" classname="Test Cases/Naukri/deleteandupload3" status="PASSED">
         <system-out><![CDATA[2020-01-20 12:33:02 - [TEST_CASE][PASSED] - Test Cases/Naukri/deleteandupload3: Test Cases/Naukri/deleteandupload3

2020-01-20 12:33:04 - [TEST_STEP][PASSED] - openBrowser(findTestData("LoginDetailsNJS").getValue(1, 3)): Browser is opened with url: 'https://www.naukri.com/'

2020-01-20 12:33:06 - [MESSAGE][INFO] - Starting 'Firefox' driver

2020-01-20 12:33:07 - [MESSAGE][INFO] - Action delay is set to 0 seconds

2020-01-20 12:33:33 - [MESSAGE][PASSED] - Browser is opened with url: 'https://www.naukri.com/'

2020-01-20 12:33:33 - [TEST_STEP][PASSED] - closeWindowIndex(1): Window with index 1 is closed

2020-01-20 12:33:34 - [MESSAGE][PASSED] - Window with index 1 is closed

2020-01-20 12:33:34 - [TEST_STEP][PASSED] - closeWindowIndex(1): Window with index 1 is closed

2020-01-20 12:33:35 - [MESSAGE][PASSED] - Window with index 1 is closed

2020-01-20 12:33:35 - [TEST_STEP][PASSED] - closeWindowIndex(1): Window with index 1 is closed

2020-01-20 12:33:35 - [MESSAGE][PASSED] - Window with index 1 is closed

2020-01-20 12:33:35 - [TEST_STEP][PASSED] - switchToWindowIndex(0): Switched to window with index: '0'

2020-01-20 12:33:35 - [MESSAGE][PASSED] - Switched to window with index: '0'

2020-01-20 12:33:35 - [TEST_STEP][PASSED] - maximizeWindow(): Current window maximized

2020-01-20 12:33:35 - [MESSAGE][PASSED] - Current window maximized

2020-01-20 12:33:35 - [TEST_STEP][PASSED] - click(findTestObject("Naukri/LoginButton")): Object: 'Object Repository/Naukri/LoginButton' is clicked on

2020-01-20 12:33:37 - [MESSAGE][PASSED] - Object: 'Object Repository/Naukri/LoginButton' is clicked on

2020-01-20 12:33:37 - [TEST_STEP][PASSED] - click(findTestObject("Naukri/GoogleButton")): Object: 'Object Repository/Naukri/GoogleButton' is clicked on

2020-01-20 12:33:38 - [MESSAGE][PASSED] - Object: 'Object Repository/Naukri/GoogleButton' is clicked on

2020-01-20 12:33:38 - [TEST_STEP][PASSED] - switchToWindowIndex(1): Switched to window with index: '1'

2020-01-20 12:33:39 - [MESSAGE][PASSED] - Switched to window with index: '1'

2020-01-20 12:33:39 - [TEST_STEP][PASSED] - setText(findTestObject("Naukri/UserName"), findTestData("LoginDetailsNJS").getValue(2, 3)): Text 'chandut1024@gmail.com' is set on object 'Object Repository/Naukri/UserName'

2020-01-20 12:33:42 - [MESSAGE][PASSED] - Text 'chandut1024@gmail.com' is set on object 'Object Repository/Naukri/UserName'

2020-01-20 12:33:42 - [TEST_STEP][PASSED] - click(findTestObject("Naukri/NextButton")): Object: 'Object Repository/Naukri/NextButton' is clicked on

2020-01-20 12:33:43 - [MESSAGE][PASSED] - Object: 'Object Repository/Naukri/NextButton' is clicked on

2020-01-20 12:33:43 - [TEST_STEP][PASSED] - delay(5): Delayed 5 second(s)

2020-01-20 12:33:48 - [MESSAGE][PASSED] - Delayed 5 second(s)

2020-01-20 12:33:48 - [TEST_STEP][PASSED] - setText(findTestObject("Naukri/Password"), findTestData("LoginDetailsNJS").getValue(3, 3)): Text 'achala$123' is set on object 'Object Repository/Naukri/Password'

2020-01-20 12:33:49 - [MESSAGE][PASSED] - Text 'achala$123' is set on object 'Object Repository/Naukri/Password'

2020-01-20 12:33:49 - [TEST_STEP][PASSED] - click(findTestObject("Naukri/NextButton")): Object: 'Object Repository/Naukri/NextButton' is clicked on

2020-01-20 12:33:53 - [MESSAGE][PASSED] - Object: 'Object Repository/Naukri/NextButton' is clicked on

2020-01-20 12:33:53 - [TEST_STEP][PASSED] - switchToWindowIndex(0): Switched to window with index: '0'

2020-01-20 12:33:53 - [MESSAGE][PASSED] - Switched to window with index: '0'

2020-01-20 12:33:53 - [TEST_STEP][PASSED] - delay(10): Delayed 10 second(s)

2020-01-20 12:34:03 - [MESSAGE][PASSED] - Delayed 10 second(s)

2020-01-20 12:34:03 - [TEST_STEP][PASSED] - click(findTestObject("Naukri/ProfileName")): Object: 'Object Repository/Naukri/ProfileName' is clicked on

2020-01-20 12:34:03 - [MESSAGE][PASSED] - Object: 'Object Repository/Naukri/ProfileName' is clicked on

2020-01-20 12:34:03 - [TEST_STEP][PASSED] - click(findTestObject("Naukri/DeleteResumeButton")): Object: 'Object Repository/Naukri/DeleteResumeButton' is clicked on

2020-01-20 12:34:05 - [MESSAGE][PASSED] - Object: 'Object Repository/Naukri/DeleteResumeButton' is clicked on

2020-01-20 12:34:05 - [TEST_STEP][PASSED] - click(findTestObject("Naukri/DeleteResumeConfirm")): Object: 'Object Repository/Naukri/DeleteResumeConfirm' is clicked on

2020-01-20 12:34:06 - [MESSAGE][PASSED] - Object: 'Object Repository/Naukri/DeleteResumeConfirm' is clicked on

2020-01-20 12:34:06 - [TEST_STEP][PASSED] - delay(15): Delayed 15 second(s)

2020-01-20 12:34:21 - [MESSAGE][PASSED] - Delayed 15 second(s)

2020-01-20 12:34:21 - [TEST_STEP][PASSED] - takeScreenshot(): Taking screenshot successfully

2020-01-20 12:34:21 - [MESSAGE][PASSED] - Taking screenshot successfully
[[ATTACHMENT|C:\\Users\\chandu.t\\Katalon Studio\\NJS_Chandu\\Reports\\20200120_123254\\NJS_Chandu\\20200120_123254\\1579503861676.png]]

2020-01-20 12:34:21 - [TEST_STEP][PASSED] - uploadFile(findTestObject("Naukri/UploadResumeButton"), findTestData("LoginDetailsNJS").getValue(5, 3)): File 'D:\chanduR\Chandu_Thota_QA_Engineer3.docx' sent to object: 'Object Repository/Naukri/UploadResumeButton'

2020-01-20 12:34:22 - [MESSAGE][PASSED] - File 'D:\chanduR\Chandu_Thota_QA_Engineer3.docx' sent to object: 'Object Repository/Naukri/UploadResumeButton'

2020-01-20 12:34:22 - [TEST_STEP][PASSED] - delay(20): Delayed 20 second(s)

2020-01-20 12:34:42 - [MESSAGE][PASSED] - Delayed 20 second(s)

2020-01-20 12:34:42 - [TEST_STEP][NOT_RUN] - click(findTestObject("Naukri/EditResumeHeadline")): NOT_RUN: click(findTestObject("Naukri/EditResumeHeadline"))

2020-01-20 12:34:42 - [MESSAGE][NOT_RUN] - NOT_RUN: click(findTestObject("Naukri/EditResumeHeadline"))

2020-01-20 12:34:42 - [TEST_STEP][NOT_RUN] - setText(findTestObject("Naukri/ResumeHeadLineText"), "."): NOT_RUN: setText(findTestObject("Naukri/ResumeHeadLineText"), ".")

2020-01-20 12:34:42 - [MESSAGE][NOT_RUN] - NOT_RUN: setText(findTestObject("Naukri/ResumeHeadLineText"), ".")

2020-01-20 12:34:42 - [TEST_STEP][NOT_RUN] - click(findTestObject("Naukri/SaveResumeHeadLineButton")): NOT_RUN: click(findTestObject("Naukri/SaveResumeHeadLineButton"))

2020-01-20 12:34:42 - [MESSAGE][NOT_RUN] - NOT_RUN: click(findTestObject("Naukri/SaveResumeHeadLineButton"))

2020-01-20 12:34:42 - [TEST_STEP][PASSED] - takeScreenshot(): Taking screenshot successfully

2020-01-20 12:34:42 - [MESSAGE][PASSED] - Taking screenshot successfully
[[ATTACHMENT|C:\\Users\\chandu.t\\Katalon Studio\\NJS_Chandu\\Reports\\20200120_123254\\NJS_Chandu\\20200120_123254\\1579503882746.png]]

2020-01-20 12:34:42 - [TEST_STEP][PASSED] - refresh(): Refresh successfully

2020-01-20 12:34:46 - [MESSAGE][PASSED] - Refresh successfully

2020-01-20 12:34:46 - [TEST_STEP][PASSED] - delay(10): Delayed 10 second(s)

2020-01-20 12:34:56 - [MESSAGE][PASSED] - Delayed 10 second(s)

2020-01-20 12:34:56 - [TEST_STEP][PASSED] - takeScreenshot(): Taking screenshot successfully

2020-01-20 12:34:56 - [MESSAGE][PASSED] - Taking screenshot successfully
[[ATTACHMENT|C:\\Users\\chandu.t\\Katalon Studio\\NJS_Chandu\\Reports\\20200120_123254\\NJS_Chandu\\20200120_123254\\1579503896719.png]]

2020-01-20 12:34:56 - [TEST_STEP][PASSED] - closeBrowser(): Browser is closed

2020-01-20 12:35:03 - [MESSAGE][PASSED] - Browser is closed]]></system-out>
         <system-err><![CDATA[]]></system-err>
      </testcase>
      <testcase name="Test Cases/Naukri/deleteandupload2" time="111.668" classname="Test Cases/Naukri/deleteandupload2" status="PASSED">
         <system-out><![CDATA[2020-01-20 12:35:03 - [TEST_CASE][PASSED] - Test Cases/Naukri/deleteandupload2: Test Cases/Naukri/deleteandupload2

2020-01-20 12:35:04 - [TEST_STEP][PASSED] - openBrowser(findTestData("LoginDetailsNJS").getValue(1, 2)): Browser is opened with url: 'https://www.naukri.com/'

2020-01-20 12:35:04 - [MESSAGE][INFO] - Starting 'Firefox' driver

2020-01-20 12:35:22 - [MESSAGE][PASSED] - Browser is opened with url: 'https://www.naukri.com/'

2020-01-20 12:35:22 - [TEST_STEP][PASSED] - closeWindowIndex(1): Window with index 1 is closed

2020-01-20 12:35:23 - [MESSAGE][PASSED] - Window with index 1 is closed

2020-01-20 12:35:23 - [TEST_STEP][PASSED] - closeWindowIndex(1): Window with index 1 is closed

2020-01-20 12:35:23 - [MESSAGE][PASSED] - Window with index 1 is closed

2020-01-20 12:35:23 - [TEST_STEP][PASSED] - closeWindowIndex(1): Window with index 1 is closed

2020-01-20 12:35:24 - [MESSAGE][PASSED] - Window with index 1 is closed

2020-01-20 12:35:24 - [TEST_STEP][PASSED] - switchToWindowIndex(0): Switched to window with index: '0'

2020-01-20 12:35:24 - [MESSAGE][PASSED] - Switched to window with index: '0'

2020-01-20 12:35:24 - [TEST_STEP][PASSED] - maximizeWindow(): Current window maximized

2020-01-20 12:35:24 - [MESSAGE][PASSED] - Current window maximized

2020-01-20 12:35:24 - [TEST_STEP][PASSED] - click(findTestObject("Naukri/LoginButton")): Object: 'Object Repository/Naukri/LoginButton' is clicked on

2020-01-20 12:35:26 - [MESSAGE][PASSED] - Object: 'Object Repository/Naukri/LoginButton' is clicked on

2020-01-20 12:35:26 - [TEST_STEP][PASSED] - click(findTestObject("Naukri/GoogleButton")): Object: 'Object Repository/Naukri/GoogleButton' is clicked on

2020-01-20 12:35:28 - [MESSAGE][PASSED] - Object: 'Object Repository/Naukri/GoogleButton' is clicked on

2020-01-20 12:35:28 - [TEST_STEP][PASSED] - switchToWindowIndex(1): Switched to window with index: '1'

2020-01-20 12:35:28 - [MESSAGE][PASSED] - Switched to window with index: '1'

2020-01-20 12:35:28 - [TEST_STEP][PASSED] - setText(findTestObject("Naukri/UserName"), findTestData("LoginDetailsNJS").getValue(2, 2)): Text 'chanduthota371@gmail.com' is set on object 'Object Repository/Naukri/UserName'

2020-01-20 12:35:31 - [MESSAGE][PASSED] - Text 'chanduthota371@gmail.com' is set on object 'Object Repository/Naukri/UserName'

2020-01-20 12:35:31 - [TEST_STEP][PASSED] - click(findTestObject("Naukri/NextButton")): Object: 'Object Repository/Naukri/NextButton' is clicked on

2020-01-20 12:35:32 - [MESSAGE][PASSED] - Object: 'Object Repository/Naukri/NextButton' is clicked on

2020-01-20 12:35:32 - [TEST_STEP][PASSED] - delay(5): Delayed 5 second(s)

2020-01-20 12:35:37 - [MESSAGE][PASSED] - Delayed 5 second(s)

2020-01-20 12:35:37 - [TEST_STEP][PASSED] - setText(findTestObject("Naukri/Password"), findTestData("LoginDetailsNJS").getValue(3, 2)): Text 'achala$123' is set on object 'Object Repository/Naukri/Password'

2020-01-20 12:35:38 - [MESSAGE][PASSED] - Text 'achala$123' is set on object 'Object Repository/Naukri/Password'

2020-01-20 12:35:38 - [TEST_STEP][PASSED] - click(findTestObject("Naukri/NextButton")): Object: 'Object Repository/Naukri/NextButton' is clicked on

2020-01-20 12:35:41 - [MESSAGE][PASSED] - Object: 'Object Repository/Naukri/NextButton' is clicked on

2020-01-20 12:35:42 - [TEST_STEP][PASSED] - switchToWindowIndex(0): Switched to window with index: '0'

2020-01-20 12:35:42 - [MESSAGE][PASSED] - Switched to window with index: '0'

2020-01-20 12:35:42 - [TEST_STEP][PASSED] - delay(10): Delayed 10 second(s)

2020-01-20 12:35:52 - [MESSAGE][PASSED] - Delayed 10 second(s)

2020-01-20 12:35:52 - [TEST_STEP][PASSED] - click(findTestObject("Naukri/ProfileName")): Object: 'Object Repository/Naukri/ProfileName' is clicked on

2020-01-20 12:35:54 - [MESSAGE][PASSED] - Object: 'Object Repository/Naukri/ProfileName' is clicked on

2020-01-20 12:35:54 - [TEST_STEP][PASSED] - click(findTestObject("Naukri/DeleteResumeButton")): Object: 'Object Repository/Naukri/DeleteResumeButton' is clicked on

2020-01-20 12:35:56 - [MESSAGE][PASSED] - Object: 'Object Repository/Naukri/DeleteResumeButton' is clicked on

2020-01-20 12:35:56 - [TEST_STEP][PASSED] - click(findTestObject("Naukri/DeleteResumeConfirm")): Object: 'Object Repository/Naukri/DeleteResumeConfirm' is clicked on

2020-01-20 12:35:57 - [MESSAGE][PASSED] - Object: 'Object Repository/Naukri/DeleteResumeConfirm' is clicked on

2020-01-20 12:35:57 - [TEST_STEP][PASSED] - delay(15): Delayed 15 second(s)

2020-01-20 12:36:12 - [MESSAGE][PASSED] - Delayed 15 second(s)

2020-01-20 12:36:12 - [TEST_STEP][PASSED] - takeScreenshot(): Taking screenshot successfully

2020-01-20 12:36:12 - [MESSAGE][PASSED] - Taking screenshot successfully
[[ATTACHMENT|C:\\Users\\chandu.t\\Katalon Studio\\NJS_Chandu\\Reports\\20200120_123254\\NJS_Chandu\\20200120_123254\\1579503972526.png]]

2020-01-20 12:36:12 - [TEST_STEP][PASSED] - uploadFile(findTestObject("Naukri/UploadResumeButton"), findTestData("LoginDetailsNJS").getValue(5, 2)): File 'D:\chanduR\Chandu_Thota_QA_Engineer2.docx' sent to object: 'Object Repository/Naukri/UploadResumeButton'

2020-01-20 12:36:13 - [MESSAGE][PASSED] - File 'D:\chanduR\Chandu_Thota_QA_Engineer2.docx' sent to object: 'Object Repository/Naukri/UploadResumeButton'

2020-01-20 12:36:13 - [TEST_STEP][PASSED] - delay(10): Delayed 10 second(s)

2020-01-20 12:36:23 - [MESSAGE][PASSED] - Delayed 10 second(s)

2020-01-20 12:36:23 - [TEST_STEP][NOT_RUN] - click(findTestObject("Naukri/EditResumeHeadline")): NOT_RUN: click(findTestObject("Naukri/EditResumeHeadline"))

2020-01-20 12:36:23 - [MESSAGE][NOT_RUN] - NOT_RUN: click(findTestObject("Naukri/EditResumeHeadline"))

2020-01-20 12:36:23 - [TEST_STEP][NOT_RUN] - setText(findTestObject("Naukri/ResumeHeadLineText"), "."): NOT_RUN: setText(findTestObject("Naukri/ResumeHeadLineText"), ".")

2020-01-20 12:36:23 - [MESSAGE][NOT_RUN] - NOT_RUN: setText(findTestObject("Naukri/ResumeHeadLineText"), ".")

2020-01-20 12:36:23 - [TEST_STEP][NOT_RUN] - click(findTestObject("Naukri/SaveResumeHeadLineButton")): NOT_RUN: click(findTestObject("Naukri/SaveResumeHeadLineButton"))

2020-01-20 12:36:23 - [MESSAGE][NOT_RUN] - NOT_RUN: click(findTestObject("Naukri/SaveResumeHeadLineButton"))

2020-01-20 12:36:23 - [TEST_STEP][PASSED] - takeScreenshot(): Taking screenshot successfully

2020-01-20 12:36:23 - [MESSAGE][PASSED] - Taking screenshot successfully
[[ATTACHMENT|C:\\Users\\chandu.t\\Katalon Studio\\NJS_Chandu\\Reports\\20200120_123254\\NJS_Chandu\\20200120_123254\\1579503983500.png]]

2020-01-20 12:36:23 - [TEST_STEP][PASSED] - refresh(): Refresh successfully

2020-01-20 12:36:27 - [MESSAGE][PASSED] - Refresh successfully

2020-01-20 12:36:27 - [TEST_STEP][PASSED] - delay(10): Delayed 10 second(s)

2020-01-20 12:36:37 - [MESSAGE][PASSED] - Delayed 10 second(s)

2020-01-20 12:36:37 - [TEST_STEP][PASSED] - takeScreenshot(): Taking screenshot successfully

2020-01-20 12:36:37 - [MESSAGE][PASSED] - Taking screenshot successfully
[[ATTACHMENT|C:\\Users\\chandu.t\\Katalon Studio\\NJS_Chandu\\Reports\\20200120_123254\\NJS_Chandu\\20200120_123254\\1579503997245.png]]

2020-01-20 12:36:37 - [TEST_STEP][PASSED] - closeBrowser(): Browser is closed

2020-01-20 12:36:55 - [MESSAGE][PASSED] - Browser is closed]]></system-out>
         <system-err><![CDATA[]]></system-err>
      </testcase>
      <testcase name="Test Cases/Naukri/deleteandupload1" time="102.262" classname="Test Cases/Naukri/deleteandupload1" status="PASSED">
         <system-out><![CDATA[2020-01-20 12:36:55 - [TEST_CASE][PASSED] - Test Cases/Naukri/deleteandupload1: Test Cases/Naukri/deleteandupload1

2020-01-20 12:36:56 - [TEST_STEP][PASSED] - openBrowser(findTestData("LoginDetailsNJS").getValue(1, 1)): Browser is opened with url: 'naukri.com'

2020-01-20 12:36:56 - [MESSAGE][INFO] - Starting 'Firefox' driver

2020-01-20 12:37:11 - [MESSAGE][PASSED] - Browser is opened with url: 'naukri.com'

2020-01-20 12:37:11 - [TEST_STEP][PASSED] - closeWindowIndex(1): Window with index 1 is closed

2020-01-20 12:37:12 - [MESSAGE][PASSED] - Window with index 1 is closed

2020-01-20 12:37:12 - [TEST_STEP][PASSED] - closeWindowIndex(1): Window with index 1 is closed

2020-01-20 12:37:12 - [MESSAGE][PASSED] - Window with index 1 is closed

2020-01-20 12:37:12 - [TEST_STEP][PASSED] - closeWindowIndex(1): Window with index 1 is closed

2020-01-20 12:37:12 - [MESSAGE][PASSED] - Window with index 1 is closed

2020-01-20 12:37:12 - [TEST_STEP][PASSED] - switchToWindowIndex(0): Switched to window with index: '0'

2020-01-20 12:37:12 - [MESSAGE][PASSED] - Switched to window with index: '0'

2020-01-20 12:37:12 - [TEST_STEP][PASSED] - maximizeWindow(): Current window maximized

2020-01-20 12:37:12 - [MESSAGE][PASSED] - Current window maximized

2020-01-20 12:37:12 - [TEST_STEP][PASSED] - click(findTestObject("Naukri/LoginButton")): Object: 'Object Repository/Naukri/LoginButton' is clicked on

2020-01-20 12:37:14 - [MESSAGE][PASSED] - Object: 'Object Repository/Naukri/LoginButton' is clicked on

2020-01-20 12:37:14 - [TEST_STEP][PASSED] - click(findTestObject("Naukri/GoogleButton")): Object: 'Object Repository/Naukri/GoogleButton' is clicked on

2020-01-20 12:37:15 - [MESSAGE][PASSED] - Object: 'Object Repository/Naukri/GoogleButton' is clicked on

2020-01-20 12:37:15 - [TEST_STEP][PASSED] - switchToWindowIndex(1): Switched to window with index: '1'

2020-01-20 12:37:15 - [MESSAGE][PASSED] - Switched to window with index: '1'

2020-01-20 12:37:15 - [TEST_STEP][PASSED] - setText(findTestObject("Naukri/UserName"), findTestData("LoginDetailsNJS").getValue(2, 1)): Text 'thota.chandu1@gmail.com' is set on object 'Object Repository/Naukri/UserName'

2020-01-20 12:37:19 - [MESSAGE][PASSED] - Text 'thota.chandu1@gmail.com' is set on object 'Object Repository/Naukri/UserName'

2020-01-20 12:37:19 - [TEST_STEP][PASSED] - click(findTestObject("Naukri/NextButton")): Object: 'Object Repository/Naukri/NextButton' is clicked on

2020-01-20 12:37:20 - [MESSAGE][PASSED] - Object: 'Object Repository/Naukri/NextButton' is clicked on

2020-01-20 12:37:20 - [TEST_STEP][PASSED] - delay(5): Delayed 5 second(s)

2020-01-20 12:37:25 - [MESSAGE][PASSED] - Delayed 5 second(s)

2020-01-20 12:37:25 - [TEST_STEP][PASSED] - setText(findTestObject("Naukri/Password"), findTestData("LoginDetailsNJS").getValue(3, 1)): Text 'achala$123' is set on object 'Object Repository/Naukri/Password'

2020-01-20 12:37:25 - [MESSAGE][PASSED] - Text 'achala$123' is set on object 'Object Repository/Naukri/Password'

2020-01-20 12:37:25 - [TEST_STEP][PASSED] - click(findTestObject("Naukri/NextButton")): Object: 'Object Repository/Naukri/NextButton' is clicked on

2020-01-20 12:37:29 - [MESSAGE][PASSED] - Object: 'Object Repository/Naukri/NextButton' is clicked on

2020-01-20 12:37:29 - [TEST_STEP][PASSED] - switchToWindowIndex(0): Switched to window with index: '0'

2020-01-20 12:37:29 - [MESSAGE][PASSED] - Switched to window with index: '0'

2020-01-20 12:37:29 - [TEST_STEP][PASSED] - delay(10): Delayed 10 second(s)

2020-01-20 12:37:39 - [MESSAGE][PASSED] - Delayed 10 second(s)

2020-01-20 12:37:39 - [TEST_STEP][PASSED] - click(findTestObject("Naukri/ProfileName")): Object: 'Object Repository/Naukri/ProfileName' is clicked on

2020-01-20 12:37:40 - [MESSAGE][PASSED] - Object: 'Object Repository/Naukri/ProfileName' is clicked on

2020-01-20 12:37:40 - [TEST_STEP][PASSED] - click(findTestObject("Naukri/DeleteResumeButton")): Object: 'Object Repository/Naukri/DeleteResumeButton' is clicked on

2020-01-20 12:37:41 - [MESSAGE][PASSED] - Object: 'Object Repository/Naukri/DeleteResumeButton' is clicked on

2020-01-20 12:37:41 - [TEST_STEP][PASSED] - click(findTestObject("Naukri/DeleteResumeConfirm")): Object: 'Object Repository/Naukri/DeleteResumeConfirm' is clicked on

2020-01-20 12:37:42 - [MESSAGE][PASSED] - Object: 'Object Repository/Naukri/DeleteResumeConfirm' is clicked on

2020-01-20 12:37:42 - [TEST_STEP][PASSED] - delay(15): Delayed 15 second(s)

2020-01-20 12:37:57 - [MESSAGE][PASSED] - Delayed 15 second(s)

2020-01-20 12:37:57 - [TEST_STEP][PASSED] - takeScreenshot(): Taking screenshot successfully

2020-01-20 12:37:57 - [MESSAGE][PASSED] - Taking screenshot successfully
[[ATTACHMENT|C:\\Users\\chandu.t\\Katalon Studio\\NJS_Chandu\\Reports\\20200120_123254\\NJS_Chandu\\20200120_123254\\1579504077730.png]]

2020-01-20 12:37:57 - [TEST_STEP][PASSED] - uploadFile(findTestObject("Naukri/UploadResumeButton"), findTestData("LoginDetailsNJS").getValue(5, 1)): File 'D:\chanduR\Chandu_Thota_QA_Engineer1.docx' sent to object: 'Object Repository/Naukri/UploadResumeButton'

2020-01-20 12:37:58 - [MESSAGE][PASSED] - File 'D:\chanduR\Chandu_Thota_QA_Engineer1.docx' sent to object: 'Object Repository/Naukri/UploadResumeButton'

2020-01-20 12:37:58 - [TEST_STEP][PASSED] - delay(20): Delayed 20 second(s)

2020-01-20 12:38:18 - [MESSAGE][PASSED] - Delayed 20 second(s)

2020-01-20 12:38:18 - [TEST_STEP][NOT_RUN] - click(findTestObject("Naukri/EditResumeHeadline")): NOT_RUN: click(findTestObject("Naukri/EditResumeHeadline"))

2020-01-20 12:38:18 - [MESSAGE][NOT_RUN] - NOT_RUN: click(findTestObject("Naukri/EditResumeHeadline"))

2020-01-20 12:38:18 - [TEST_STEP][NOT_RUN] - setText(findTestObject("Naukri/ResumeHeadLineText"), "."): NOT_RUN: setText(findTestObject("Naukri/ResumeHeadLineText"), ".")

2020-01-20 12:38:18 - [MESSAGE][NOT_RUN] - NOT_RUN: setText(findTestObject("Naukri/ResumeHeadLineText"), ".")

2020-01-20 12:38:18 - [TEST_STEP][NOT_RUN] - click(findTestObject("Naukri/SaveResumeHeadLineButton")): NOT_RUN: click(findTestObject("Naukri/SaveResumeHeadLineButton"))

2020-01-20 12:38:18 - [MESSAGE][NOT_RUN] - NOT_RUN: click(findTestObject("Naukri/SaveResumeHeadLineButton"))

2020-01-20 12:38:18 - [TEST_STEP][PASSED] - takeScreenshot(): Taking screenshot successfully

2020-01-20 12:38:18 - [MESSAGE][PASSED] - Taking screenshot successfully
[[ATTACHMENT|C:\\Users\\chandu.t\\Katalon Studio\\NJS_Chandu\\Reports\\20200120_123254\\NJS_Chandu\\20200120_123254\\1579504098698.png]]

2020-01-20 12:38:18 - [TEST_STEP][PASSED] - refresh(): Refresh successfully

2020-01-20 12:38:22 - [MESSAGE][PASSED] - Refresh successfully

2020-01-20 12:38:22 - [TEST_STEP][PASSED] - delay(10): Delayed 10 second(s)

2020-01-20 12:38:32 - [MESSAGE][PASSED] - Delayed 10 second(s)

2020-01-20 12:38:32 - [TEST_STEP][PASSED] - takeScreenshot(): Taking screenshot successfully

2020-01-20 12:38:32 - [MESSAGE][PASSED] - Taking screenshot successfully
[[ATTACHMENT|C:\\Users\\chandu.t\\Katalon Studio\\NJS_Chandu\\Reports\\20200120_123254\\NJS_Chandu\\20200120_123254\\1579504112296.png]]

2020-01-20 12:38:32 - [TEST_STEP][PASSED] - closeBrowser(): Browser is closed

2020-01-20 12:38:37 - [MESSAGE][PASSED] - Browser is closed]]></system-out>
         <system-err><![CDATA[]]></system-err>
      </testcase>
      <system-out><![CDATA[2020-01-20 12:33:02 - [TEST_SUITE][PASSED] - NJS_Chandu: Test Cases/Naukri/deleteandupload1]]></system-out>
      <system-err><![CDATA[]]></system-err>
   </testsuite>
</testsuites>
